Using pre-set license
Built from '2020.3/staging' branch; Version is '2020.3.18f1 (a7d1c678663c) revision 10998214'; Using compiler version '192528614'; Build Type 'Release'
OS: 'Windows 10 Home; OS build 22000.918; Version 2009; 64bit' Language: 'en' Physical Memory: 16200 MB
BatchMode: 1, IsHumanControllingUs: 0, StartBugReporterOnCrash: 0, Is64bit: 1, IsPro: 0

COMMAND LINE ARGUMENTS:
D:\Program Files\Unity\2020.3.18f1\Editor\Unity.exe
-adb2
-batchMode
-noUpm
-name
AssetImportWorker0
-projectPath
D:/Documents/School/gimm-350/350-AR-Project/AR Project
-logFile
Logs/AssetImportWorker0.log
-srvPort
14466
Successfully changed project path to: D:/Documents/School/gimm-350/350-AR-Project/AR Project
D:/Documents/School/gimm-350/350-AR-Project/AR Project
Using Asset Import Pipeline V2.
Refreshing native plugins compatible for Editor in 162.53 ms, found 7 plugins.
Preloading 0 native plugins for Editor in 0.00 ms.
Initialize engine version: 2020.3.18f1 (a7d1c678663c)
[Subsystems] Discovering subsystems at path D:/Program Files/Unity/2020.3.18f1/Editor/Data/Resources/UnitySubsystems
[Subsystems] Discovering subsystems at path D:/Documents/School/gimm-350/350-AR-Project/AR Project/Assets
GfxDevice: creating device client; threaded=0
Direct3D:
    Version:  Direct3D 11.0 [level 11.1]
    Renderer: NVIDIA GeForce RTX 2070 (ID=0x1f14)
    Vendor:   
    VRAM:     8031 MB
    Driver:   31.0.15.1694
Initialize mono
Mono path[0] = 'D:/Program Files/Unity/2020.3.18f1/Editor/Data/Managed'
Mono path[1] = 'D:/Program Files/Unity/2020.3.18f1/Editor/Data/MonoBleedingEdge/lib/mono/unityjit'
Mono config path = 'D:/Program Files/Unity/2020.3.18f1/Editor/Data/MonoBleedingEdge/etc'
Using monoOptions --debugger-agent=transport=dt_socket,embedding=1,server=y,suspend=n,address=127.0.0.1:56664
Begin MonoManager ReloadAssembly
Registering precompiled unity dll's ...
Register platform support module: D:/Program Files/Unity/2020.3.18f1/Editor/Data/PlaybackEngines/WindowsStandaloneSupport/UnityEditor.WindowsStandalone.Extensions.dll
Registered in 0.006351 seconds.
Native extension for WindowsStandalone target not found
Refreshing native plugins compatible for Editor in 165.62 ms, found 7 plugins.
Preloading 0 native plugins for Editor in 0.00 ms.
Mono: successfully reloaded assembly
- Completed reload, in  2.676 seconds
Domain Reload Profiling:
	ReloadAssembly (2676ms)
		BeginReloadAssembly (92ms)
			ExecutionOrderSort (0ms)
			DisableScriptedObjects (0ms)
			BackupInstance (0ms)
			ReleaseScriptingObjects (0ms)
			CreateAndSetChildDomain (1ms)
		EndReloadAssembly (713ms)
			LoadAssemblies (91ms)
			RebuildTransferFunctionScriptingTraits (0ms)
			SetupTypeCache (221ms)
			ReleaseScriptCaches (0ms)
			RebuildScriptCaches (52ms)
			SetupLoadedEditorAssemblies (347ms)
				LogAssemblyErrors (0ms)
				InitializePlatformSupportModulesInManaged (8ms)
				SetLoadedEditorAssemblies (0ms)
				RefreshPlugins (166ms)
				BeforeProcessingInitializeOnLoad (20ms)
				ProcessInitializeOnLoadAttributes (116ms)
				ProcessInitializeOnLoadMethodAttributes (37ms)
				AfterProcessingInitializeOnLoad (0ms)
				EditorAssembliesLoaded (0ms)
			ExecutionOrderSort2 (0ms)
			AwakeInstancesAfterBackupRestoration (0ms)
Platform modules already initialized, skipping
Registering precompiled user dll's ...
Registered in 0.051159 seconds.
Begin MonoManager ReloadAssembly
Native extension for WindowsStandalone target not found
Refreshing native plugins compatible for Editor in 86.34 ms, found 7 plugins.
Preloading 0 native plugins for Editor in 0.00 ms.
Mono: successfully reloaded assembly
- Completed reload, in  1.772 seconds
Domain Reload Profiling:
	ReloadAssembly (1773ms)
		BeginReloadAssembly (183ms)
			ExecutionOrderSort (0ms)
			DisableScriptedObjects (6ms)
			BackupInstance (0ms)
			ReleaseScriptingObjects (0ms)
			CreateAndSetChildDomain (22ms)
		EndReloadAssembly (1514ms)
			LoadAssemblies (114ms)
			RebuildTransferFunctionScriptingTraits (0ms)
			SetupTypeCache (513ms)
			ReleaseScriptCaches (1ms)
			RebuildScriptCaches (81ms)
			SetupLoadedEditorAssemblies (612ms)
				LogAssemblyErrors (0ms)
				InitializePlatformSupportModulesInManaged (5ms)
				SetLoadedEditorAssemblies (0ms)
				RefreshPlugins (86ms)
				BeforeProcessingInitializeOnLoad (133ms)
				ProcessInitializeOnLoadAttributes (378ms)
				ProcessInitializeOnLoadMethodAttributes (8ms)
				AfterProcessingInitializeOnLoad (2ms)
				EditorAssembliesLoaded (0ms)
			ExecutionOrderSort2 (0ms)
			AwakeInstancesAfterBackupRestoration (9ms)
Platform modules already initialized, skipping
========================================================================
Worker process is ready to serve import requests
Launched and connected shader compiler UnityShaderCompiler.exe after 0.04 seconds
Refreshing native plugins compatible for Editor in 0.96 ms, found 7 plugins.
Preloading 0 native plugins for Editor in 0.00 ms.
Unloading 3692 Unused Serialized files (Serialized files now loaded: 0)
System memory in use before: 153.6 MB.
System memory in use after: 153.8 MB.

Unloading 38 unused Assets to reduce memory usage. Loaded Objects now: 4133.
Total: 5.598400 ms (FindLiveObjects: 0.418000 ms CreateObjectMapping: 0.247800 ms MarkObjects: 4.816700 ms  DeleteObjects: 0.114600 ms)

AssetImportParameters requested are different than current active one (requested -> active):
  custom:framework-win-MediaFoundation: 216162199b28c13a410421893ffa2e32 -> 
  custom:video-decoder-ogg-theora: a1e56fd34408186e4bbccfd4996cb3dc -> 
  custom:container-muxer-webm: aa71ff27fc2769a1b78a27578f13a17b -> 
  custom:container-demuxer-webm: 4f35f7cbe854078d1ac9338744f61a02 -> 
  custom:container-demuxer-ogg: 62fdf1f143b41e24485cea50d1cbac27 -> 
  custom:video-encoder-webm-vp8: eb34c28f22e8b96e1ab97ce403110664 -> 
  custom:video-decoder-webm-vp8: 9c59270c3fd7afecdb556c50c9e8de78 -> 
  custom:audio-decoder-ogg-vorbis: bf7c407c2cedff20999df2af8eb42d56 -> 
  custom:audio-encoder-webm-vorbis: bf7c407c2cedff20999df2af8eb42d56 -> 
========================================================================
Received Import Request.
  path: Assets/XR
  artifactKey: Guid(77fad0757dfa029429ee893c5e61492f) Importer(815301076,1909f56bfc062723c751e8b465ee728b)
Start importing Assets/XR using Guid(77fad0757dfa029429ee893c5e61492f) Importer(815301076,1909f56bfc062723c751e8b465ee728b)  -> (artifact id: '621ffa8d89dd575953c4d2619584ca97') in 0.009061 seconds 
  Import took 0.022027 seconds .

========================================================================
Received Import Request.
  Time since last request: 0.000250 seconds.
  path: Assets/Scenes
  artifactKey: Guid(c32071af6c84f704a94d24c13388642b) Importer(815301076,1909f56bfc062723c751e8b465ee728b)
Start importing Assets/Scenes using Guid(c32071af6c84f704a94d24c13388642b) Importer(815301076,1909f56bfc062723c751e8b465ee728b)  -> (artifact id: 'b6435f55cba695ae7edc762a5cc6887a') in 0.003144 seconds 
  Import took 0.009215 seconds .

========================================================================
Received Import Request.
  Time since last request: 0.000230 seconds.
  path: Assets/Scenes/SampleScene.unity
  artifactKey: Guid(9fc0d4010bbf28b4594072e72b8655ab) Importer(815301076,1909f56bfc062723c751e8b465ee728b)
Start importing Assets/Scenes/SampleScene.unity using Guid(9fc0d4010bbf28b4594072e72b8655ab) Importer(815301076,1909f56bfc062723c751e8b465ee728b)  -> (artifact id: '1b60474df1a2d5141eeab3c652353d41') in 0.013578 seconds 
  Import took 0.020014 seconds .

========================================================================
Received Import Request.
  Time since last request: 4.719132 seconds.
  path: Assets/Models/Blocks
  artifactKey: Guid(a32799ace6edb814a9f369167a538053) Importer(815301076,1909f56bfc062723c751e8b465ee728b)
Start importing Assets/Models/Blocks using Guid(a32799ace6edb814a9f369167a538053) Importer(815301076,1909f56bfc062723c751e8b465ee728b)  -> (artifact id: '691175b74be27f5d9afef095a693cf3a') in 0.003866 seconds 
  Import took 0.011557 seconds .

========================================================================
Received Import Request.
  Time since last request: 0.003030 seconds.
  path: Assets/Models/Blocks
  artifactKey: Guid(a32799ace6edb814a9f369167a538053) Importer(815301076,1909f56bfc062723c751e8b465ee728b)
Start importing Assets/Models/Blocks using Guid(a32799ace6edb814a9f369167a538053) Importer(815301076,1909f56bfc062723c751e8b465ee728b)  -> (artifact id: '691175b74be27f5d9afef095a693cf3a') in 0.003330 seconds 
  Import took 0.010816 seconds .

========================================================================
Received Import Request.
  Time since last request: 0.143024 seconds.
  path: Assets/Models/Blocks/PurpleTexture.jpg
  artifactKey: Guid(6b36bd7e6634a0f42bdf446393656906) Importer(815301076,1909f56bfc062723c751e8b465ee728b)
Start importing Assets/Models/Blocks/PurpleTexture.jpg using Guid(6b36bd7e6634a0f42bdf446393656906) Importer(815301076,1909f56bfc062723c751e8b465ee728b)  -> (artifact id: '9789003f1b7003d22dd2877f4c6a7c82') in 0.483200 seconds 
  Import took 0.496764 seconds .

========================================================================
Received Import Request.
  Time since last request: 0.000220 seconds.
  path: Assets/Models/Blocks/TealTexture.jpg
  artifactKey: Guid(e5b1aa894ddfad44b8bccbaa1b959ca9) Importer(815301076,1909f56bfc062723c751e8b465ee728b)
Start importing Assets/Models/Blocks/TealTexture.jpg using Guid(e5b1aa894ddfad44b8bccbaa1b959ca9) Importer(815301076,1909f56bfc062723c751e8b465ee728b)  -> (artifact id: '9589310761bc180bd2bd1ef2d83f5c8d') in 0.012458 seconds 
  Import took 0.019189 seconds .

========================================================================
Received Import Request.
  Time since last request: 0.000386 seconds.
  path: Assets/Models/Blocks/WoodTexture.jpg
  artifactKey: Guid(eba1710be1a3bc640827965721010ea0) Importer(815301076,1909f56bfc062723c751e8b465ee728b)
Start importing Assets/Models/Blocks/WoodTexture.jpg using Guid(eba1710be1a3bc640827965721010ea0) Importer(815301076,1909f56bfc062723c751e8b465ee728b)  -> (artifact id: '18f1fe50ad97c1b5894c2226313460dc') in 0.017544 seconds 
  Import took 0.024354 seconds .

========================================================================
Received Import Request.
  Time since last request: 2.135393 seconds.
  path: Assets/Models/Blocks/Materials
  artifactKey: Guid(609caebbcb0276a45951ef500eee5e34) Importer(815301076,1909f56bfc062723c751e8b465ee728b)
Start importing Assets/Models/Blocks/Materials using Guid(609caebbcb0276a45951ef500eee5e34) Importer(815301076,1909f56bfc062723c751e8b465ee728b)  -> (artifact id: '28f95176672d39f942d87cb1779bb421') in 0.009413 seconds 
  Import took 0.030814 seconds .

========================================================================
Received Import Request.
  Time since last request: 0.145660 seconds.
  path: Assets/Models/Blocks/Materials/PurpleTexture.mat
  artifactKey: Guid(8924477ce0584a64fa816a9224878c93) Importer(815301076,1909f56bfc062723c751e8b465ee728b)
Start importing Assets/Models/Blocks/Materials/PurpleTexture.mat using Guid(8924477ce0584a64fa816a9224878c93) Importer(815301076,1909f56bfc062723c751e8b465ee728b)  -> (artifact id: 'd677e122e339b0fb2121a09f13739656') in 0.568065 seconds 
  Import took 0.578811 seconds .

========================================================================
Received Import Request.
  Time since last request: 0.000284 seconds.
  path: Assets/Models/Blocks/Materials/TealTexture.mat
  artifactKey: Guid(90795e26c06889041b670cfb5005ae9a) Importer(815301076,1909f56bfc062723c751e8b465ee728b)
Start importing Assets/Models/Blocks/Materials/TealTexture.mat using Guid(90795e26c06889041b670cfb5005ae9a) Importer(815301076,1909f56bfc062723c751e8b465ee728b)  -> (artifact id: '4ad3a4e0e2889b984997aa703a1ccbb3') in 0.015259 seconds 
  Import took 0.021990 seconds .

========================================================================
Received Import Request.
  Time since last request: 0.000314 seconds.
  path: Assets/Models/Blocks/Materials/Test.mat
  artifactKey: Guid(1db8f883479d3054a80718d21c850006) Importer(815301076,1909f56bfc062723c751e8b465ee728b)
Start importing Assets/Models/Blocks/Materials/Test.mat using Guid(1db8f883479d3054a80718d21c850006) Importer(815301076,1909f56bfc062723c751e8b465ee728b)  -> (artifact id: '524eff54a28cc2e06bd2ce02eafa3a36') in 0.015243 seconds 
  Import took 0.022262 seconds .

========================================================================
Received Import Request.
  Time since last request: 0.000303 seconds.
  path: Assets/Models/Blocks/Materials/WoodTexture.mat
  artifactKey: Guid(441669a5112c8da4a96e007ccd5975c4) Importer(815301076,1909f56bfc062723c751e8b465ee728b)
Start importing Assets/Models/Blocks/Materials/WoodTexture.mat using Guid(441669a5112c8da4a96e007ccd5975c4) Importer(815301076,1909f56bfc062723c751e8b465ee728b)  -> (artifact id: '25fad833c526c00f30a490603e314b66') in 0.015239 seconds 
  Import took 0.022178 seconds .

========================================================================
Received Import Request.
  Time since last request: 16.750359 seconds.
  path: Assets/Models
  artifactKey: Guid(04ddb0531730cf74ab19cf14f39656e9) Importer(815301076,1909f56bfc062723c751e8b465ee728b)
Start importing Assets/Models using Guid(04ddb0531730cf74ab19cf14f39656e9) Importer(815301076,1909f56bfc062723c751e8b465ee728b)  -> (artifact id: 'df79afdcdc934c293e02295344d70341') in 0.015276 seconds 
  Import took 0.036618 seconds .

========================================================================
Received Import Request.
  Time since last request: 0.036060 seconds.
  path: Assets/Models
  artifactKey: Guid(04ddb0531730cf74ab19cf14f39656e9) Importer(815301076,1909f56bfc062723c751e8b465ee728b)
Start importing Assets/Models using Guid(04ddb0531730cf74ab19cf14f39656e9) Importer(815301076,1909f56bfc062723c751e8b465ee728b)  -> (artifact id: 'df79afdcdc934c293e02295344d70341') in 0.008642 seconds 
  Import took 0.029247 seconds .

========================================================================
Received Import Request.
  Time since last request: 2.697113 seconds.
  path: Assets/Models/Blocks/block.blend
  artifactKey: Guid(9cf5068445d13d34ab87371221433c2f) Importer(815301076,1909f56bfc062723c751e8b465ee728b)
Start importing Assets/Models/Blocks/block.blend using Guid(9cf5068445d13d34ab87371221433c2f) Importer(815301076,1909f56bfc062723c751e8b465ee728b)  -> (artifact id: '30a2fa5c672f74a1b5b53c32cf932b3a') in 0.009876 seconds 
  Import took 0.020533 seconds .

========================================================================
Received Import Request.
  Time since last request: 0.012145 seconds.
  path: Assets/Models/Blocks/block.blend
  artifactKey: Guid(9cf5068445d13d34ab87371221433c2f) Importer(815301076,1909f56bfc062723c751e8b465ee728b)
Start importing Assets/Models/Blocks/block.blend using Guid(9cf5068445d13d34ab87371221433c2f) Importer(815301076,1909f56bfc062723c751e8b465ee728b)  -> (artifact id: '30a2fa5c672f74a1b5b53c32cf932b3a') in 0.005125 seconds 
  Import took 0.015673 seconds .

========================================================================
Received Import Request.
  Time since last request: 171.953915 seconds.
  path: Assets/Models/Blocks/block.blend
  artifactKey: Guid(9cf5068445d13d34ab87371221433c2f) Importer(815301076,1909f56bfc062723c751e8b465ee728b)
Start importing Assets/Models/Blocks/block.blend using Guid(9cf5068445d13d34ab87371221433c2f) Importer(815301076,1909f56bfc062723c751e8b465ee728b)  -> (artifact id: 'f50f2ea7eafd7324ebe0eeece19ac072') in 0.065802 seconds 
  Import took 0.074077 seconds .

========================================================================
Received Import Request.
  Time since last request: 23.678460 seconds.
  path: Assets/Scenes/GameTest.unity
  artifactKey: Guid(e4c58ab5a4d146c48a3346eb9e2db335) Importer(815301076,1909f56bfc062723c751e8b465ee728b)
Start importing Assets/Scenes/GameTest.unity using Guid(e4c58ab5a4d146c48a3346eb9e2db335) Importer(815301076,1909f56bfc062723c751e8b465ee728b)  -> (artifact id: 'bc80027e0de2afa5ee81005ab6b0038c') in 0.004522 seconds 
  Import took 0.012482 seconds .

========================================================================
Received Import Request.
  Time since last request: 0.006662 seconds.
  path: Assets/Scenes/GameTest.unity
  artifactKey: Guid(e4c58ab5a4d146c48a3346eb9e2db335) Importer(815301076,1909f56bfc062723c751e8b465ee728b)
Start importing Assets/Scenes/GameTest.unity using Guid(e4c58ab5a4d146c48a3346eb9e2db335) Importer(815301076,1909f56bfc062723c751e8b465ee728b)  -> (artifact id: 'bc80027e0de2afa5ee81005ab6b0038c') in 0.003555 seconds 
  Import took 0.011554 seconds .

========================================================================
Received Import Request.
  Time since last request: 175.964458 seconds.
  path: Assets/XR/AR/FeatheredPlane/FeatheredPlane.prefab
  artifactKey: Guid(e499283d24d00e84db7eccb829ba8cec) Importer(815301076,1909f56bfc062723c751e8b465ee728b)
Start importing Assets/XR/AR/FeatheredPlane/FeatheredPlane.prefab using Guid(e499283d24d00e84db7eccb829ba8cec) Importer(815301076,1909f56bfc062723c751e8b465ee728b)  -> (artifact id: '18c6342eca9f5064c96c5e941a902d79') in 0.019656 seconds 
  Import took 0.027861 seconds .

========================================================================
Received Import Request.
  Time since last request: 0.000228 seconds.
  path: Assets/Samples/XR Interaction Toolkit/1.0.0-pre.3/XR Device Simulator/XR Device Simulator.prefab
  artifactKey: Guid(9f5a24a380916d14db9775daab4fe333) Importer(815301076,1909f56bfc062723c751e8b465ee728b)
Start importing Assets/Samples/XR Interaction Toolkit/1.0.0-pre.3/XR Device Simulator/XR Device Simulator.prefab using Guid(9f5a24a380916d14db9775daab4fe333) Importer(815301076,1909f56bfc062723c751e8b465ee728b)  -> (artifact id: '1d516b56869f0c20bbe1a3cd885c6aaf') in 0.022976 seconds 
  Import took 0.030396 seconds .

========================================================================
Received Import Request.
  Time since last request: 128.513592 seconds.
  path: Assets/XR/AR/FeatheredPlane/FeatheredPlaneMaterial.mat
  artifactKey: Guid(293a30130fcd05c4f959483d7bdadc3f) Importer(815301076,1909f56bfc062723c751e8b465ee728b)
Start importing Assets/XR/AR/FeatheredPlane/FeatheredPlaneMaterial.mat using Guid(293a30130fcd05c4f959483d7bdadc3f) Importer(815301076,1909f56bfc062723c751e8b465ee728b)  -> (artifact id: '111c43f9d6bf22c885095d9a2e5bdb27') in 0.017636 seconds 
  Import took 0.026303 seconds .

========================================================================
Received Import Request.
  Time since last request: 0.005490 seconds.
  path: Assets/XR/AR/FeatheredPlane/FeatheredPlaneMaterial.mat
  artifactKey: Guid(293a30130fcd05c4f959483d7bdadc3f) Importer(815301076,1909f56bfc062723c751e8b465ee728b)
Start importing Assets/XR/AR/FeatheredPlane/FeatheredPlaneMaterial.mat using Guid(293a30130fcd05c4f959483d7bdadc3f) Importer(815301076,1909f56bfc062723c751e8b465ee728b)  -> (artifact id: '111c43f9d6bf22c885095d9a2e5bdb27') in 0.013800 seconds 
  Import took 0.021354 seconds .

========================================================================
Received Import Request.
  Time since last request: 12.488627 seconds.
  path: Assets/ExampleAssets/Materials/PlacedCubeMat.mat
  artifactKey: Guid(0ce7ca15cd93341beb67396a494cef55) Importer(815301076,1909f56bfc062723c751e8b465ee728b)
Start importing Assets/ExampleAssets/Materials/PlacedCubeMat.mat using Guid(0ce7ca15cd93341beb67396a494cef55) Importer(815301076,1909f56bfc062723c751e8b465ee728b)  -> (artifact id: '2f020f49ffaaa680e88948a936d755ae') in 0.013737 seconds 
  Import took 0.021027 seconds .

========================================================================
Received Import Request.
  Time since last request: 0.000249 seconds.
  path: Assets/ExampleAssets/Materials/PlaneMat.mat
  artifactKey: Guid(2da0ea038f25a4fa998f183878aedf79) Importer(815301076,1909f56bfc062723c751e8b465ee728b)
Start importing Assets/ExampleAssets/Materials/PlaneMat.mat using Guid(2da0ea038f25a4fa998f183878aedf79) Importer(815301076,1909f56bfc062723c751e8b465ee728b)  -> (artifact id: 'a42d0ba17a840d519acd37b3d2fe3241') in 0.020043 seconds 
  Import took 0.026882 seconds .

========================================================================
Received Import Request.
  Time since last request: 1.234207 seconds.
  path: Assets/ExampleAssets/Models/cube.fbx
  artifactKey: Guid(de4da3906a001624fabcc7838ddf2eb4) Importer(815301076,1909f56bfc062723c751e8b465ee728b)
Start importing Assets/ExampleAssets/Models/cube.fbx using Guid(de4da3906a001624fabcc7838ddf2eb4) Importer(815301076,1909f56bfc062723c751e8b465ee728b)  -> (artifact id: 'd1c2594a623d2140a8d2ef60920225c1') in 0.047257 seconds 
  Import took 0.054385 seconds .

========================================================================
Received Import Request.
  Time since last request: 0.419200 seconds.
  path: Assets/ExampleAssets/Prefabs/ARPlane.prefab
  artifactKey: Guid(3738bd65ede154463b2c35064b9e5fdb) Importer(815301076,1909f56bfc062723c751e8b465ee728b)
Start importing Assets/ExampleAssets/Prefabs/ARPlane.prefab using Guid(3738bd65ede154463b2c35064b9e5fdb) Importer(815301076,1909f56bfc062723c751e8b465ee728b) Diagnostics callstack to track who triggered the sub-import:
0x00007ff6284cdda2 (Unity) ImporterAssetResolver::ResolveAsset
0x00007ff628499422 (Unity) ResolveArtifactV2
0x00007ff6284b8de0 (Unity) ImportToObjects
0x00007ff6284b81e8 (Unity) ImportAsset
0x00007ff628419ff8 (Unity) AssetImportWorker::Import
0x00007ff62846d38a (Unity) <lambda_7448d646502792db0127dc89657ec83e>::operator()
0x00007ff628511612 (Unity) asio::detail::completion_handler<core::mutable_function<void __cdecl(void)> >::do_complete
0x00007ff628513770 (Unity) asio::detail::win_iocp_io_service::do_one
0x00007ff628516efe (Unity) asio::io_service::run
0x00007ff62849a13b (Unity) RunAssetImportWorkerClientV2
0x00007ff62849a190 (Unity) RunAssetImporterV2
0x00007ff627961596 (Unity) Application::InitializeProject
0x00007ff6283093e2 (Unity) WinMain
0x00007ff62a15bf46 (Unity) __scrt_common_main_seh
0x00007ffedd0554e0 (KERNEL32) BaseThreadInitThunk
0x00007ffedda6485b (ntdll) RtlUserThreadStart

Requesting import of Guid(3738bd65ede154463b2c35064b9e5fdb) Importer(-1,00000000000000000000000000000000), Assets/ExampleAssets/Prefabs/ARPlane.prefab from editor
Resuming Guid(3738bd65ede154463b2c35064b9e5fdb) Importer(-1,00000000000000000000000000000000) -> b4d577aa23b0c3d04fb7dbd317655154 
Assertion failed on expression: 'state.state == kUpToDate'
Assertion failed on expression: 'state.artifactID == result'
Diagnostics callstack to track who triggered the sub-import:
0x00007ff6284cdda2 (Unity) ImporterAssetResolver::ResolveAsset
0x00007ff628499422 (Unity) ResolveArtifactV2
0x00007ff6284901e1 (Unity) ProduceArtifactV2
0x00007ff6283defbe (Unity) AssetDatabase::ProduceArtifact
0x00007ff6283c42e8 (Unity) PreviewImporter::GenerateAssetData
0x00007ff6284b91a9 (Unity) ImportToObjects
0x00007ff6284b81e8 (Unity) ImportAsset
0x00007ff628419ff8 (Unity) AssetImportWorker::Import
0x00007ff62846d38a (Unity) <lambda_7448d646502792db0127dc89657ec83e>::operator()
0x00007ff628511612 (Unity) asio::detail::completion_handler<core::mutable_function<void __cdecl(void)> >::do_complete
0x00007ff628513770 (Unity) asio::detail::win_iocp_io_service::do_one
0x00007ff628516efe (Unity) asio::io_service::run
0x00007ff62849a13b (Unity) RunAssetImportWorkerClientV2
0x00007ff62849a190 (Unity) RunAssetImporterV2
0x00007ff627961596 (Unity) Application::InitializeProject
0x00007ff6283093e2 (Unity) WinMain
0x00007ff62a15bf46 (Unity) __scrt_common_main_seh
0x00007ffedd0554e0 (KERNEL32) BaseThreadInitThunk
0x00007ffedda6485b (ntdll) RtlUserThreadStart

Requesting import of Guid(3738bd65ede154463b2c35064b9e5fdb) Importer(-1,00000000000000000000000000000000), Assets/ExampleAssets/Prefabs/ARPlane.prefab from editor
Resuming Guid(3738bd65ede154463b2c35064b9e5fdb) Importer(-1,00000000000000000000000000000000) -> b4d577aa23b0c3d04fb7dbd317655154 
Assertion failed on expression: 'state.state == kUpToDate'
Assertion failed on expression: 'state.artifactID == result'
 -> (artifact id: '7fc0ce7b4ca83ff86a5e98b1f3e373e8') in 2.295493 seconds 
  Import took 2.302413 seconds .

========================================================================
Received Import Request.
  Time since last request: 0.000177 seconds.
  path: Assets/ExampleAssets/Prefabs/CubeObject.prefab
  artifactKey: Guid(fe573e7abb8af466791f07600c0785e3) Importer(815301076,1909f56bfc062723c751e8b465ee728b)
Start importing Assets/ExampleAssets/Prefabs/CubeObject.prefab using Guid(fe573e7abb8af466791f07600c0785e3) Importer(815301076,1909f56bfc062723c751e8b465ee728b)  -> (artifact id: '5c780be8c8993cae1e3726ff1015bade') in 0.014292 seconds 
  Import took 0.021937 seconds .

========================================================================
Received Import Request.
  Time since last request: 0.376793 seconds.
  path: Assets/ExampleAssets/Scripts/ARFeatheredPlaneMeshVisualizer.cs
  artifactKey: Guid(de9919161fbca46b79a86ecacee38c30) Importer(815301076,1909f56bfc062723c751e8b465ee728b)
Start importing Assets/ExampleAssets/Scripts/ARFeatheredPlaneMeshVisualizer.cs using Guid(de9919161fbca46b79a86ecacee38c30) Importer(815301076,1909f56bfc062723c751e8b465ee728b)  -> (artifact id: '471b751a57064419fb2894d20ab28e27') in 0.100069 seconds 
  Import took 0.106909 seconds .

========================================================================
Received Prepare
Registering precompiled user dll's ...
Registered in 0.116149 seconds.
Begin MonoManager ReloadAssembly
Native extension for WindowsStandalone target not found
Refreshing native plugins compatible for Editor in 0.98 ms, found 7 plugins.
Preloading 0 native plugins for Editor in 0.00 ms.
Mono: successfully reloaded assembly
- Completed reload, in  1.674 seconds
Domain Reload Profiling:
	ReloadAssembly (1674ms)
		BeginReloadAssembly (171ms)
			ExecutionOrderSort (0ms)
			DisableScriptedObjects (5ms)
			BackupInstance (0ms)
			ReleaseScriptingObjects (0ms)
			CreateAndSetChildDomain (50ms)
		EndReloadAssembly (1421ms)
			LoadAssemblies (146ms)
			RebuildTransferFunctionScriptingTraits (0ms)
			SetupTypeCache (566ms)
			ReleaseScriptCaches (1ms)
			RebuildScriptCaches (60ms)
			SetupLoadedEditorAssemblies (500ms)
				LogAssemblyErrors (0ms)
				InitializePlatformSupportModulesInManaged (5ms)
				SetLoadedEditorAssemblies (1ms)
				RefreshPlugins (1ms)
				BeforeProcessingInitializeOnLoad (141ms)
				ProcessInitializeOnLoadAttributes (342ms)
				ProcessInitializeOnLoadMethodAttributes (7ms)
				AfterProcessingInitializeOnLoad (2ms)
				EditorAssembliesLoaded (0ms)
			ExecutionOrderSort2 (0ms)
			AwakeInstancesAfterBackupRestoration (12ms)
Platform modules already initialized, skipping
Refreshing native plugins compatible for Editor in 1.03 ms, found 7 plugins.
Preloading 0 native plugins for Editor in 0.00 ms.
Unloading 3630 Unused Serialized files (Serialized files now loaded: 0)
System memory in use before: 151.8 MB.
System memory in use after: 152.0 MB.

Unloading 32 unused Assets to reduce memory usage. Loaded Objects now: 4185.
Total: 5.117000 ms (FindLiveObjects: 0.404900 ms CreateObjectMapping: 0.251300 ms MarkObjects: 4.363200 ms  DeleteObjects: 0.096100 ms)

AssetImportParameters requested are different than current active one (requested -> active):
  custom:framework-win-MediaFoundation: 216162199b28c13a410421893ffa2e32 -> 
  custom:video-decoder-ogg-theora: a1e56fd34408186e4bbccfd4996cb3dc -> 
  custom:container-muxer-webm: aa71ff27fc2769a1b78a27578f13a17b -> 
  custom:container-demuxer-webm: 4f35f7cbe854078d1ac9338744f61a02 -> 
  custom:container-demuxer-ogg: 62fdf1f143b41e24485cea50d1cbac27 -> 
  custom:video-encoder-webm-vp8: eb34c28f22e8b96e1ab97ce403110664 -> 
  custom:video-decoder-webm-vp8: 9c59270c3fd7afecdb556c50c9e8de78 -> 
  custom:audio-decoder-ogg-vorbis: bf7c407c2cedff20999df2af8eb42d56 -> 
  custom:audio-encoder-webm-vorbis: bf7c407c2cedff20999df2af8eb42d56 -> 
========================================================================
Received Import Request.
  Time since last request: 49.426938 seconds.
  path: Assets/ExampleAssets/Prefabs/ARPlane.prefab
  artifactKey: Guid(3738bd65ede154463b2c35064b9e5fdb) Importer(815301076,1909f56bfc062723c751e8b465ee728b)
Start importing Assets/ExampleAssets/Prefabs/ARPlane.prefab using Guid(3738bd65ede154463b2c35064b9e5fdb) Importer(815301076,1909f56bfc062723c751e8b465ee728b)  -> (artifact id: '7b925a43074689ef960f3663ee93ecd1') in 0.039235 seconds 
  Import took 0.046662 seconds .

========================================================================
Received Import Request.
  Time since last request: 0.000257 seconds.
  path: Assets/Tower.prefab
  artifactKey: Guid(c180c49324428c64098fc1d0d506f43c) Importer(815301076,1909f56bfc062723c751e8b465ee728b)
Start importing Assets/Tower.prefab using Guid(c180c49324428c64098fc1d0d506f43c) Importer(815301076,1909f56bfc062723c751e8b465ee728b)  -> (artifact id: '1d4e62396f0fdff90ec327ca20fd4eda') in 0.047561 seconds 
  Import took 0.054208 seconds .

========================================================================
Received Import Request.
  Time since last request: 45.916496 seconds.
  path: Assets/target.png
  artifactKey: Guid(bb4a1a86a001bf842ac482d90cbbc1fd) Importer(815301076,1909f56bfc062723c751e8b465ee728b)
Start importing Assets/target.png using Guid(bb4a1a86a001bf842ac482d90cbbc1fd) Importer(815301076,1909f56bfc062723c751e8b465ee728b)  -> (artifact id: '8699e94a546babcdb5652d8139a6b8ac') in 0.054749 seconds 
  Import took 0.062106 seconds .

========================================================================
Received Import Request.
  Time since last request: 0.000233 seconds.
  path: Assets/Yellow.mat
  artifactKey: Guid(61ba0e735430d7a4aa911755bd688975) Importer(815301076,1909f56bfc062723c751e8b465ee728b)
Start importing Assets/Yellow.mat using Guid(61ba0e735430d7a4aa911755bd688975) Importer(815301076,1909f56bfc062723c751e8b465ee728b)  -> (artifact id: '0f5f7752242d1a8d569344e227b36376') in 0.029110 seconds 
  Import took 0.037055 seconds .

========================================================================
Received Import Request.
  Time since last request: 0.919237 seconds.
  path: Assets/PlaceBlockScript.cs
  artifactKey: Guid(0713c0f5ff6d35946be13e6c03226caa) Importer(815301076,1909f56bfc062723c751e8b465ee728b)
Start importing Assets/PlaceBlockScript.cs using Guid(0713c0f5ff6d35946be13e6c03226caa) Importer(815301076,1909f56bfc062723c751e8b465ee728b)  -> (artifact id: '376728ba1970871c00f9a27f584f9a78') in 0.003258 seconds 
  Import took 0.010180 seconds .

========================================================================
Received Import Request.
  Time since last request: 0.032435 seconds.
  path: Assets/PlaceBlockScript.cs
  artifactKey: Guid(0713c0f5ff6d35946be13e6c03226caa) Importer(815301076,1909f56bfc062723c751e8b465ee728b)
Start importing Assets/PlaceBlockScript.cs using Guid(0713c0f5ff6d35946be13e6c03226caa) Importer(815301076,1909f56bfc062723c751e8b465ee728b)  -> (artifact id: '376728ba1970871c00f9a27f584f9a78') in 0.003004 seconds 
  Import took 0.010612 seconds .

========================================================================
Received Import Request.
  Time since last request: 0.276048 seconds.
  path: Assets/TapScript.cs
  artifactKey: Guid(6f596d34eab87b445adf1c56117aacf0) Importer(815301076,1909f56bfc062723c751e8b465ee728b)
Start importing Assets/TapScript.cs using Guid(6f596d34eab87b445adf1c56117aacf0) Importer(815301076,1909f56bfc062723c751e8b465ee728b)  -> (artifact id: '7f653fa4df5b9ad83afda9c2c4eff370') in 0.003306 seconds 
  Import took 0.010597 seconds .

========================================================================
Received Import Request.
  Time since last request: 0.002566 seconds.
  path: Assets/TapScript.cs
  artifactKey: Guid(6f596d34eab87b445adf1c56117aacf0) Importer(815301076,1909f56bfc062723c751e8b465ee728b)
Start importing Assets/TapScript.cs using Guid(6f596d34eab87b445adf1c56117aacf0) Importer(815301076,1909f56bfc062723c751e8b465ee728b)  -> (artifact id: '7f653fa4df5b9ad83afda9c2c4eff370') in 0.002753 seconds 
  Import took 0.010388 seconds .

========================================================================
Received Import Request.
  Time since last request: 1.304432 seconds.
  path: Assets/InputManager.cs
  artifactKey: Guid(edbff094477eb9346a6c3096db0a41f1) Importer(815301076,1909f56bfc062723c751e8b465ee728b)
Start importing Assets/InputManager.cs using Guid(edbff094477eb9346a6c3096db0a41f1) Importer(815301076,1909f56bfc062723c751e8b465ee728b)  -> (artifact id: '949eb149a526a8f18b58e3a3aa80fa27') in 0.003383 seconds 
  Import took 0.011273 seconds .

========================================================================
Received Import Request.
  Time since last request: 45.414331 seconds.
  path: Assets/TextMesh Pro/Fonts/LiberationSans.ttf
  artifactKey: Guid(e3265ab4bf004d28a9537516768c1c75) Importer(815301076,1909f56bfc062723c751e8b465ee728b)
Start importing Assets/TextMesh Pro/Fonts/LiberationSans.ttf using Guid(e3265ab4bf004d28a9537516768c1c75) Importer(815301076,1909f56bfc062723c751e8b465ee728b)  -> (artifact id: 'bdddd331c3f1b7826858a8d92db67e39') in 0.049239 seconds 
  Import took 0.056795 seconds .

========================================================================
Received Import Request.
  Time since last request: 0.000189 seconds.
  path: Assets/TextMesh Pro/Resources/Fonts & Materials/LiberationSans SDF - Fallback.asset
  artifactKey: Guid(2e498d1c8094910479dc3e1b768306a4) Importer(815301076,1909f56bfc062723c751e8b465ee728b)
Start importing Assets/TextMesh Pro/Resources/Fonts & Materials/LiberationSans SDF - Fallback.asset using Guid(2e498d1c8094910479dc3e1b768306a4) Importer(815301076,1909f56bfc062723c751e8b465ee728b)  -> (artifact id: 'b8c2210586957436df79bf961aeff06e') in 0.053049 seconds 
  Import took 0.060412 seconds .

========================================================================
Received Import Request.
  Time since last request: 0.000262 seconds.
  path: Assets/TextMesh Pro/Fonts/LiberationSans.ttf
  artifactKey: Guid(e3265ab4bf004d28a9537516768c1c75) Importer(815301076,1909f56bfc062723c751e8b465ee728b)
Start importing Assets/TextMesh Pro/Fonts/LiberationSans.ttf using Guid(e3265ab4bf004d28a9537516768c1c75) Importer(815301076,1909f56bfc062723c751e8b465ee728b)  -> (artifact id: 'bdddd331c3f1b7826858a8d92db67e39') in 0.020145 seconds 
  Import took 0.027709 seconds .

========================================================================
Received Import Request.
  Time since last request: 0.000254 seconds.
  path: Assets/TextMesh Pro/Resources/Fonts & Materials/LiberationSans SDF.asset
  artifactKey: Guid(8f586378b4e144a9851e7b34d9b748ee) Importer(815301076,1909f56bfc062723c751e8b465ee728b)
Start importing Assets/TextMesh Pro/Resources/Fonts & Materials/LiberationSans SDF.asset using Guid(8f586378b4e144a9851e7b34d9b748ee) Importer(815301076,1909f56bfc062723c751e8b465ee728b)  -> (artifact id: 'f1280cc7be10b532b2897fc8654f95d3') in 0.050416 seconds 
  Import took 0.057751 seconds .

========================================================================
Received Prepare
Registering precompiled user dll's ...
Registered in 0.120530 seconds.
Begin MonoManager ReloadAssembly
Native extension for WindowsStandalone target not found
Refreshing native plugins compatible for Editor in 1.68 ms, found 7 plugins.
Preloading 0 native plugins for Editor in 0.00 ms.
Mono: successfully reloaded assembly
- Completed reload, in  1.706 seconds
Domain Reload Profiling:
	ReloadAssembly (1707ms)
		BeginReloadAssembly (163ms)
			ExecutionOrderSort (0ms)
			DisableScriptedObjects (5ms)
			BackupInstance (0ms)
			ReleaseScriptingObjects (0ms)
			CreateAndSetChildDomain (50ms)
		EndReloadAssembly (1460ms)
			LoadAssemblies (201ms)
			RebuildTransferFunctionScriptingTraits (0ms)
			SetupTypeCache (536ms)
			ReleaseScriptCaches (1ms)
			RebuildScriptCaches (62ms)
			SetupLoadedEditorAssemblies (500ms)
				LogAssemblyErrors (0ms)
				InitializePlatformSupportModulesInManaged (7ms)
				SetLoadedEditorAssemblies (1ms)
				RefreshPlugins (2ms)
				BeforeProcessingInitializeOnLoad (146ms)
				ProcessInitializeOnLoadAttributes (335ms)
				ProcessInitializeOnLoadMethodAttributes (7ms)
				AfterProcessingInitializeOnLoad (2ms)
				EditorAssembliesLoaded (0ms)
			ExecutionOrderSort2 (0ms)
			AwakeInstancesAfterBackupRestoration (12ms)
Platform modules already initialized, skipping
Switching build target platform(19) subTarget(0) extendedPlatform(0) -> platform(13) subTarget(537395200) extendedPlatform(0)
Refreshing native plugins compatible for Editor in 1.04 ms, found 7 plugins.
Preloading 0 native plugins for Editor in 0.00 ms.
Unloading 3633 Unused Serialized files (Serialized files now loaded: 0)
System memory in use before: 150.6 MB.
System memory in use after: 150.8 MB.

Unloading 32 unused Assets to reduce memory usage. Loaded Objects now: 4197.
Total: 4.991500 ms (FindLiveObjects: 0.455600 ms CreateObjectMapping: 0.297200 ms MarkObjects: 4.197900 ms  DeleteObjects: 0.039600 ms)

AssetImportParameters requested are different than current active one (requested -> active):
  custom:framework-win-MediaFoundation: 216162199b28c13a410421893ffa2e32 -> 
  custom:video-decoder-ogg-theora: a1e56fd34408186e4bbccfd4996cb3dc -> 
  custom:container-muxer-webm: aa71ff27fc2769a1b78a27578f13a17b -> 
  custom:container-demuxer-webm: 4f35f7cbe854078d1ac9338744f61a02 -> 
  custom:container-demuxer-ogg: 62fdf1f143b41e24485cea50d1cbac27 -> 
  custom:video-encoder-webm-vp8: eb34c28f22e8b96e1ab97ce403110664 -> 
  custom:video-decoder-webm-vp8: 9c59270c3fd7afecdb556c50c9e8de78 -> 
  custom:graphics/normal-map-encoding: 01000000000000000000000000000000 -> 02000000000000000000000000000000
  custom:audio-decoder-ogg-vorbis: bf7c407c2cedff20999df2af8eb42d56 -> 
  custom:audio-encoder-webm-vorbis: bf7c407c2cedff20999df2af8eb42d56 -> 
========================================================================
Received Prepare
Refreshing native plugins compatible for Editor in 86.79 ms, found 7 plugins.
Preloading 0 native plugins for Editor in 0.00 ms.
Unloading 28 Unused Serialized files (Serialized files now loaded: 0)
System memory in use before: 79.2 MB.
System memory in use after: 79.5 MB.

Unloading 28 unused Assets to reduce memory usage. Loaded Objects now: 4197.
Total: 6.302500 ms (FindLiveObjects: 0.799300 ms CreateObjectMapping: 0.449300 ms MarkObjects: 5.012400 ms  DeleteObjects: 0.039500 ms)

AssetImportParameters requested are different than current active one (requested -> active):
  custom:framework-win-MediaFoundation: 216162199b28c13a410421893ffa2e32 -> 
  custom:video-decoder-ogg-theora: a1e56fd34408186e4bbccfd4996cb3dc -> 
  custom:container-muxer-webm: aa71ff27fc2769a1b78a27578f13a17b -> 
  custom:container-demuxer-webm: 4f35f7cbe854078d1ac9338744f61a02 -> 
  custom:container-demuxer-ogg: 62fdf1f143b41e24485cea50d1cbac27 -> 
  custom:video-encoder-webm-vp8: eb34c28f22e8b96e1ab97ce403110664 -> 
  custom:video-decoder-webm-vp8: 9c59270c3fd7afecdb556c50c9e8de78 -> 
  custom:audio-decoder-ogg-vorbis: bf7c407c2cedff20999df2af8eb42d56 -> 
  custom:audio-encoder-webm-vorbis: bf7c407c2cedff20999df2af8eb42d56 -> 
========================================================================
Received Import Request.
  Time since last request: 72.183069 seconds.
  path: Assets/target.png
  artifactKey: Guid(bb4a1a86a001bf842ac482d90cbbc1fd) Importer(815301076,1909f56bfc062723c751e8b465ee728b)
Start importing Assets/target.png using Guid(bb4a1a86a001bf842ac482d90cbbc1fd) Importer(815301076,1909f56bfc062723c751e8b465ee728b)  -> (artifact id: '3513d9e285a0fe130747b46c52c31de6') in 0.095037 seconds 
  Import took 0.106271 seconds .

========================================================================
Received Prepare
Refreshing native plugins compatible for Editor in 1931.40 ms, found 7 plugins.
Preloading 0 native plugins for Editor in 0.00 ms.
Unloading 28 Unused Serialized files (Serialized files now loaded: 0)
System memory in use before: 79.3 MB.
System memory in use after: 79.5 MB.

Unloading 28 unused Assets to reduce memory usage. Loaded Objects now: 4198.
Total: 6.934500 ms (FindLiveObjects: 0.439600 ms CreateObjectMapping: 0.340600 ms MarkObjects: 6.121800 ms  DeleteObjects: 0.031100 ms)

AssetImportParameters requested are different than current active one (requested -> active):
  custom:framework-win-MediaFoundation: 216162199b28c13a410421893ffa2e32 -> 
  custom:video-decoder-ogg-theora: a1e56fd34408186e4bbccfd4996cb3dc -> 
  custom:container-muxer-webm: aa71ff27fc2769a1b78a27578f13a17b -> 
  custom:container-demuxer-webm: 4f35f7cbe854078d1ac9338744f61a02 -> 
  custom:container-demuxer-ogg: 62fdf1f143b41e24485cea50d1cbac27 -> 
  custom:video-encoder-webm-vp8: eb34c28f22e8b96e1ab97ce403110664 -> 
  custom:video-decoder-webm-vp8: 9c59270c3fd7afecdb556c50c9e8de78 -> 
  custom:audio-decoder-ogg-vorbis: bf7c407c2cedff20999df2af8eb42d56 -> 
  custom:audio-encoder-webm-vorbis: bf7c407c2cedff20999df2af8eb42d56 -> 
========================================================================
Received Prepare
Refreshing native plugins compatible for Editor in 52.05 ms, found 7 plugins.
Preloading 0 native plugins for Editor in 0.00 ms.
Unloading 28 Unused Serialized files (Serialized files now loaded: 0)
System memory in use before: 79.3 MB.
System memory in use after: 79.5 MB.

Unloading 28 unused Assets to reduce memory usage. Loaded Objects now: 4198.
Total: 6.763900 ms (FindLiveObjects: 0.454100 ms CreateObjectMapping: 0.255400 ms MarkObjects: 6.022400 ms  DeleteObjects: 0.030400 ms)

AssetImportParameters requested are different than current active one (requested -> active):
  custom:framework-win-MediaFoundation: 216162199b28c13a410421893ffa2e32 -> 
  custom:video-decoder-ogg-theora: a1e56fd34408186e4bbccfd4996cb3dc -> 
  custom:container-muxer-webm: aa71ff27fc2769a1b78a27578f13a17b -> 
  custom:container-demuxer-webm: 4f35f7cbe854078d1ac9338744f61a02 -> 
  custom:container-demuxer-ogg: 62fdf1f143b41e24485cea50d1cbac27 -> 
  custom:video-encoder-webm-vp8: eb34c28f22e8b96e1ab97ce403110664 -> 
  custom:video-decoder-webm-vp8: 9c59270c3fd7afecdb556c50c9e8de78 -> 
  custom:audio-decoder-ogg-vorbis: bf7c407c2cedff20999df2af8eb42d56 -> 
  custom:audio-encoder-webm-vorbis: bf7c407c2cedff20999df2af8eb42d56 -> 
========================================================================
Received Prepare
Registering precompiled user dll's ...
Registered in 0.111336 seconds.
Begin MonoManager ReloadAssembly
Native extension for WindowsStandalone target not found
Refreshing native plugins compatible for Editor in 1.02 ms, found 7 plugins.
Preloading 0 native plugins for Editor in 0.00 ms.
Mono: successfully reloaded assembly
- Completed reload, in  1.546 seconds
Domain Reload Profiling:
	ReloadAssembly (1547ms)
		BeginReloadAssembly (156ms)
			ExecutionOrderSort (0ms)
			DisableScriptedObjects (8ms)
			BackupInstance (0ms)
			ReleaseScriptingObjects (0ms)
			CreateAndSetChildDomain (49ms)
		EndReloadAssembly (1311ms)
			LoadAssemblies (137ms)
			RebuildTransferFunctionScriptingTraits (0ms)
			SetupTypeCache (446ms)
			ReleaseScriptCaches (1ms)
			RebuildScriptCaches (59ms)
			SetupLoadedEditorAssemblies (488ms)
				LogAssemblyErrors (0ms)
				InitializePlatformSupportModulesInManaged (5ms)
				SetLoadedEditorAssemblies (1ms)
				RefreshPlugins (1ms)
				BeforeProcessingInitializeOnLoad (139ms)
				ProcessInitializeOnLoadAttributes (334ms)
				ProcessInitializeOnLoadMethodAttributes (7ms)
				AfterProcessingInitializeOnLoad (2ms)
				EditorAssembliesLoaded (0ms)
			ExecutionOrderSort2 (0ms)
			AwakeInstancesAfterBackupRestoration (11ms)
Platform modules already initialized, skipping
Switching build target platform(19) subTarget(0) extendedPlatform(0) -> platform(13) subTarget(537395200) extendedPlatform(0)
Refreshing native plugins compatible for Editor in 1.04 ms, found 7 plugins.
Preloading 0 native plugins for Editor in 0.00 ms.
Unloading 3691 Unused Serialized files (Serialized files now loaded: 0)
System memory in use before: 152.2 MB.
System memory in use after: 152.4 MB.

Unloading 32 unused Assets to reduce memory usage. Loaded Objects now: 4259.
Total: 5.151200 ms (FindLiveObjects: 0.445400 ms CreateObjectMapping: 0.237800 ms MarkObjects: 4.404500 ms  DeleteObjects: 0.062200 ms)

AssetImportParameters requested are different than current active one (requested -> active):
  custom:framework-win-MediaFoundation: 216162199b28c13a410421893ffa2e32 -> 
  custom:video-decoder-ogg-theora: a1e56fd34408186e4bbccfd4996cb3dc -> 
  custom:container-muxer-webm: aa71ff27fc2769a1b78a27578f13a17b -> 
  custom:container-demuxer-webm: 4f35f7cbe854078d1ac9338744f61a02 -> 
  custom:container-demuxer-ogg: 62fdf1f143b41e24485cea50d1cbac27 -> 
  custom:video-encoder-webm-vp8: eb34c28f22e8b96e1ab97ce403110664 -> 
  custom:video-decoder-webm-vp8: 9c59270c3fd7afecdb556c50c9e8de78 -> 
  custom:graphics/normal-map-encoding: 01000000000000000000000000000000 -> 02000000000000000000000000000000
  custom:audio-decoder-ogg-vorbis: bf7c407c2cedff20999df2af8eb42d56 -> 
  custom:audio-encoder-webm-vorbis: bf7c407c2cedff20999df2af8eb42d56 -> 
========================================================================
Received Prepare
Switching build target platform(13) subTarget(537395200) extendedPlatform(0) -> platform(13) subTarget(589824) extendedPlatform(0)
Refreshing native plugins compatible for Editor in 54.90 ms, found 7 plugins.
Preloading 0 native plugins for Editor in 0.00 ms.
Unloading 29 Unused Serialized files (Serialized files now loaded: 0)
System memory in use before: 79.7 MB.
System memory in use after: 80.0 MB.

Unloading 29 unused Assets to reduce memory usage. Loaded Objects now: 4259.
Total: 5.534100 ms (FindLiveObjects: 0.493600 ms CreateObjectMapping: 0.361100 ms MarkObjects: 4.629200 ms  DeleteObjects: 0.049100 ms)

AssetImportParameters requested are different than current active one (requested -> active):
  buildTarget: platform 13, subtarget 589824, extendedPlatform 0 -> platform 13, subtarget 537395200, extendedPlatform 0
  graphicsApiMask: 2304 -> 2099200
  custom:framework-win-MediaFoundation: 216162199b28c13a410421893ffa2e32 -> 
  custom:video-decoder-ogg-theora: a1e56fd34408186e4bbccfd4996cb3dc -> 
  custom:container-muxer-webm: aa71ff27fc2769a1b78a27578f13a17b -> 
  custom:container-demuxer-webm: 4f35f7cbe854078d1ac9338744f61a02 -> 
  custom:container-demuxer-ogg: 62fdf1f143b41e24485cea50d1cbac27 -> 
  custom:video-encoder-webm-vp8: eb34c28f22e8b96e1ab97ce403110664 -> 
  custom:video-decoder-webm-vp8: 9c59270c3fd7afecdb556c50c9e8de78 -> 
  custom:audio-decoder-ogg-vorbis: bf7c407c2cedff20999df2af8eb42d56 -> 
  custom:audio-encoder-webm-vorbis: bf7c407c2cedff20999df2af8eb42d56 -> 
========================================================================
Received Import Request.
  Time since last request: 760.824841 seconds.
  path: Assets/target.png
  artifactKey: Guid(bb4a1a86a001bf842ac482d90cbbc1fd) Importer(815301076,1909f56bfc062723c751e8b465ee728b)
Start importing Assets/target.png using Guid(bb4a1a86a001bf842ac482d90cbbc1fd) Importer(815301076,1909f56bfc062723c751e8b465ee728b)  -> (artifact id: 'd81a92a7f8808e9ac72679265f28e3cd') in 0.067880 seconds 
  Import took 0.076440 seconds .

========================================================================
Received Prepare
Refreshing native plugins compatible for Editor in 8.37 ms, found 7 plugins.
Preloading 0 native plugins for Editor in 0.00 ms.
Unloading 29 Unused Serialized files (Serialized files now loaded: 0)
System memory in use before: 79.8 MB.
System memory in use after: 80.1 MB.

Unloading 28 unused Assets to reduce memory usage. Loaded Objects now: 4261.
Total: 190.378000 ms (FindLiveObjects: 0.955100 ms CreateObjectMapping: 0.491400 ms MarkObjects: 188.759200 ms  DeleteObjects: 0.169800 ms)

AssetImportParameters requested are different than current active one (requested -> active):
  custom:framework-win-MediaFoundation: 216162199b28c13a410421893ffa2e32 -> 
  custom:video-decoder-ogg-theora: a1e56fd34408186e4bbccfd4996cb3dc -> 
  custom:container-muxer-webm: aa71ff27fc2769a1b78a27578f13a17b -> 
  custom:container-demuxer-webm: 4f35f7cbe854078d1ac9338744f61a02 -> 
  custom:container-demuxer-ogg: 62fdf1f143b41e24485cea50d1cbac27 -> 
  custom:video-encoder-webm-vp8: eb34c28f22e8b96e1ab97ce403110664 -> 
  custom:video-decoder-webm-vp8: 9c59270c3fd7afecdb556c50c9e8de78 -> 
  custom:audio-decoder-ogg-vorbis: bf7c407c2cedff20999df2af8eb42d56 -> 
  custom:audio-encoder-webm-vorbis: bf7c407c2cedff20999df2af8eb42d56 -> 
========================================================================
Received Prepare
Refreshing native plugins compatible for Editor in 57.59 ms, found 7 plugins.
Preloading 0 native plugins for Editor in 0.00 ms.
Unloading 28 Unused Serialized files (Serialized files now loaded: 0)
System memory in use before: 79.7 MB.
System memory in use after: 80.0 MB.

Unloading 28 unused Assets to reduce memory usage. Loaded Objects now: 4261.
Total: 6.811400 ms (FindLiveObjects: 0.700300 ms CreateObjectMapping: 0.431400 ms MarkObjects: 5.652500 ms  DeleteObjects: 0.025900 ms)

AssetImportParameters requested are different than current active one (requested -> active):
  custom:framework-win-MediaFoundation: 216162199b28c13a410421893ffa2e32 -> 
  custom:video-decoder-ogg-theora: a1e56fd34408186e4bbccfd4996cb3dc -> 
  custom:container-muxer-webm: aa71ff27fc2769a1b78a27578f13a17b -> 
  custom:container-demuxer-webm: 4f35f7cbe854078d1ac9338744f61a02 -> 
  custom:container-demuxer-ogg: 62fdf1f143b41e24485cea50d1cbac27 -> 
  custom:video-encoder-webm-vp8: eb34c28f22e8b96e1ab97ce403110664 -> 
  custom:video-decoder-webm-vp8: 9c59270c3fd7afecdb556c50c9e8de78 -> 
  custom:audio-decoder-ogg-vorbis: bf7c407c2cedff20999df2af8eb42d56 -> 
  custom:audio-encoder-webm-vorbis: bf7c407c2cedff20999df2af8eb42d56 -> 
========================================================================
Received Prepare
Registering precompiled user dll's ...
Registered in 0.107060 seconds.
Begin MonoManager ReloadAssembly
Native extension for WindowsStandalone target not found
Refreshing native plugins compatible for Editor in 1.02 ms, found 7 plugins.
Preloading 0 native plugins for Editor in 0.00 ms.
Mono: successfully reloaded assembly
- Completed reload, in  1.802 seconds
Domain Reload Profiling:
	ReloadAssembly (1803ms)
		BeginReloadAssembly (170ms)
			ExecutionOrderSort (0ms)
			DisableScriptedObjects (7ms)
			BackupInstance (0ms)
			ReleaseScriptingObjects (0ms)
			CreateAndSetChildDomain (50ms)
		EndReloadAssembly (1556ms)
			LoadAssemblies (228ms)
			RebuildTransferFunctionScriptingTraits (0ms)
			SetupTypeCache (545ms)
			ReleaseScriptCaches (2ms)
			RebuildScriptCaches (60ms)
			SetupLoadedEditorAssemblies (526ms)
				LogAssemblyErrors (0ms)
				InitializePlatformSupportModulesInManaged (5ms)
				SetLoadedEditorAssemblies (1ms)
				RefreshPlugins (1ms)
				BeforeProcessingInitializeOnLoad (152ms)
				ProcessInitializeOnLoadAttributes (358ms)
				ProcessInitializeOnLoadMethodAttributes (7ms)
				AfterProcessingInitializeOnLoad (2ms)
				EditorAssembliesLoaded (0ms)
			ExecutionOrderSort2 (0ms)
			AwakeInstancesAfterBackupRestoration (12ms)
Platform modules already initialized, skipping
Switching build target platform(19) subTarget(0) extendedPlatform(0) -> platform(13) subTarget(589824) extendedPlatform(0)
Refreshing native plugins compatible for Editor in 1.02 ms, found 7 plugins.
Preloading 0 native plugins for Editor in 0.00 ms.
Unloading 3686 Unused Serialized files (Serialized files now loaded: 0)
System memory in use before: 151.9 MB.
System memory in use after: 152.1 MB.

Unloading 31 unused Assets to reduce memory usage. Loaded Objects now: 4264.
Total: 5.350000 ms (FindLiveObjects: 0.452700 ms CreateObjectMapping: 0.258900 ms MarkObjects: 4.603800 ms  DeleteObjects: 0.033500 ms)

AssetImportParameters requested are different than current active one (requested -> active):
  custom:framework-win-MediaFoundation: 216162199b28c13a410421893ffa2e32 -> 
  custom:video-decoder-ogg-theora: a1e56fd34408186e4bbccfd4996cb3dc -> 
  custom:container-muxer-webm: aa71ff27fc2769a1b78a27578f13a17b -> 
  custom:container-demuxer-webm: 4f35f7cbe854078d1ac9338744f61a02 -> 
  custom:container-demuxer-ogg: 62fdf1f143b41e24485cea50d1cbac27 -> 
  custom:video-encoder-webm-vp8: eb34c28f22e8b96e1ab97ce403110664 -> 
  custom:video-decoder-webm-vp8: 9c59270c3fd7afecdb556c50c9e8de78 -> 
  custom:graphics/normal-map-encoding: 01000000000000000000000000000000 -> 02000000000000000000000000000000
  custom:audio-decoder-ogg-vorbis: bf7c407c2cedff20999df2af8eb42d56 -> 
  custom:audio-encoder-webm-vorbis: bf7c407c2cedff20999df2af8eb42d56 -> 
========================================================================
Received Prepare
Registering precompiled user dll's ...
Registered in 0.059536 seconds.
Begin MonoManager ReloadAssembly
Native extension for WindowsStandalone target not found
Refreshing native plugins compatible for Editor in 1.02 ms, found 7 plugins.
Preloading 0 native plugins for Editor in 0.00 ms.
Mono: successfully reloaded assembly
- Completed reload, in  1.724 seconds
Domain Reload Profiling:
	ReloadAssembly (1724ms)
		BeginReloadAssembly (170ms)
			ExecutionOrderSort (0ms)
			DisableScriptedObjects (6ms)
			BackupInstance (0ms)
			ReleaseScriptingObjects (0ms)
			CreateAndSetChildDomain (46ms)
		EndReloadAssembly (1478ms)
			LoadAssemblies (214ms)
			RebuildTransferFunctionScriptingTraits (0ms)
			SetupTypeCache (531ms)
			ReleaseScriptCaches (1ms)
			RebuildScriptCaches (60ms)
			SetupLoadedEditorAssemblies (500ms)
				LogAssemblyErrors (0ms)
				InitializePlatformSupportModulesInManaged (5ms)
				SetLoadedEditorAssemblies (1ms)
				RefreshPlugins (1ms)
				BeforeProcessingInitializeOnLoad (146ms)
				ProcessInitializeOnLoadAttributes (338ms)
				ProcessInitializeOnLoadMethodAttributes (7ms)
				AfterProcessingInitializeOnLoad (2ms)
				EditorAssembliesLoaded (0ms)
			ExecutionOrderSort2 (0ms)
			AwakeInstancesAfterBackupRestoration (11ms)
Platform modules already initialized, skipping
Switching build target platform(19) subTarget(0) extendedPlatform(0) -> platform(13) subTarget(589824) extendedPlatform(0)
Refreshing native plugins compatible for Editor in 1.02 ms, found 7 plugins.
Preloading 0 native plugins for Editor in 0.00 ms.
Unloading 3686 Unused Serialized files (Serialized files now loaded: 0)
System memory in use before: 151.9 MB.
System memory in use after: 152.1 MB.

Unloading 31 unused Assets to reduce memory usage. Loaded Objects now: 4267.
Total: 5.254400 ms (FindLiveObjects: 0.605400 ms CreateObjectMapping: 0.370800 ms MarkObjects: 4.244200 ms  DeleteObjects: 0.032600 ms)

AssetImportParameters requested are different than current active one (requested -> active):
  custom:framework-win-MediaFoundation: 216162199b28c13a410421893ffa2e32 -> 
  custom:video-decoder-ogg-theora: a1e56fd34408186e4bbccfd4996cb3dc -> 
  custom:container-muxer-webm: aa71ff27fc2769a1b78a27578f13a17b -> 
  custom:container-demuxer-webm: 4f35f7cbe854078d1ac9338744f61a02 -> 
  custom:container-demuxer-ogg: 62fdf1f143b41e24485cea50d1cbac27 -> 
  custom:video-encoder-webm-vp8: eb34c28f22e8b96e1ab97ce403110664 -> 
  custom:video-decoder-webm-vp8: 9c59270c3fd7afecdb556c50c9e8de78 -> 
  custom:graphics/normal-map-encoding: 01000000000000000000000000000000 -> 02000000000000000000000000000000
  custom:audio-decoder-ogg-vorbis: bf7c407c2cedff20999df2af8eb42d56 -> 
  custom:audio-encoder-webm-vorbis: bf7c407c2cedff20999df2af8eb42d56 -> 
========================================================================
Received Prepare
Refreshing native plugins compatible for Editor in 63.50 ms, found 7 plugins.
Preloading 0 native plugins for Editor in 0.00 ms.
Unloading 28 Unused Serialized files (Serialized files now loaded: 0)
System memory in use before: 79.6 MB.
System memory in use after: 79.8 MB.

Unloading 28 unused Assets to reduce memory usage. Loaded Objects now: 4267.
Total: 5.008800 ms (FindLiveObjects: 0.437500 ms CreateObjectMapping: 0.394900 ms MarkObjects: 4.151900 ms  DeleteObjects: 0.023100 ms)

AssetImportParameters requested are different than current active one (requested -> active):
  custom:framework-win-MediaFoundation: 216162199b28c13a410421893ffa2e32 -> 
  custom:video-decoder-ogg-theora: a1e56fd34408186e4bbccfd4996cb3dc -> 
  custom:container-muxer-webm: aa71ff27fc2769a1b78a27578f13a17b -> 
  custom:container-demuxer-webm: 4f35f7cbe854078d1ac9338744f61a02 -> 
  custom:container-demuxer-ogg: 62fdf1f143b41e24485cea50d1cbac27 -> 
  custom:video-encoder-webm-vp8: eb34c28f22e8b96e1ab97ce403110664 -> 
  custom:video-decoder-webm-vp8: 9c59270c3fd7afecdb556c50c9e8de78 -> 
  custom:audio-decoder-ogg-vorbis: bf7c407c2cedff20999df2af8eb42d56 -> 
  custom:audio-encoder-webm-vorbis: bf7c407c2cedff20999df2af8eb42d56 -> 
========================================================================
Received Import Request.
  Time since last request: 911.344532 seconds.
  path: Assets/ExampleAssets
  artifactKey: Guid(5040ff35809714c9f899bd2e7ae0f30a) Importer(815301076,1909f56bfc062723c751e8b465ee728b)
Start importing Assets/ExampleAssets using Guid(5040ff35809714c9f899bd2e7ae0f30a) Importer(815301076,1909f56bfc062723c751e8b465ee728b)  -> (artifact id: '99b678163b10093c92e5aec2cf0757ae') in 0.005375 seconds 
  Import took 0.013794 seconds .

========================================================================
Received Import Request.
  Time since last request: 0.904234 seconds.
  path: Assets/ExampleAssets/Prefabs
  artifactKey: Guid(652960599d8c4485a9ae38409999891a) Importer(815301076,1909f56bfc062723c751e8b465ee728b)
Start importing Assets/ExampleAssets/Prefabs using Guid(652960599d8c4485a9ae38409999891a) Importer(815301076,1909f56bfc062723c751e8b465ee728b)  -> (artifact id: '166951d6fbc04671b9097cf481783ca8') in 0.003588 seconds 
  Import took 0.011231 seconds .

========================================================================
Received Import Request.
  Time since last request: 7.316564 seconds.
  path: Assets/ExampleAssets/Prefabs/ARPlane.prefab
  artifactKey: Guid(3738bd65ede154463b2c35064b9e5fdb) Importer(815301076,1909f56bfc062723c751e8b465ee728b)
Start importing Assets/ExampleAssets/Prefabs/ARPlane.prefab using Guid(3738bd65ede154463b2c35064b9e5fdb) Importer(815301076,1909f56bfc062723c751e8b465ee728b)  -> (artifact id: '993a8e4bd4a7892f166ab72e0f0c84e3') in 0.034361 seconds 
  Import took 0.042705 seconds .

========================================================================
Received Prepare
Refreshing native plugins compatible for Editor in 7.96 ms, found 7 plugins.
Preloading 0 native plugins for Editor in 0.00 ms.
Unloading 28 Unused Serialized files (Serialized files now loaded: 0)
System memory in use before: 79.6 MB.
System memory in use after: 79.9 MB.

Unloading 28 unused Assets to reduce memory usage. Loaded Objects now: 4267.
Total: 6.590300 ms (FindLiveObjects: 0.454100 ms CreateObjectMapping: 0.251200 ms MarkObjects: 5.857700 ms  DeleteObjects: 0.025800 ms)

AssetImportParameters requested are different than current active one (requested -> active):
  custom:framework-win-MediaFoundation: 216162199b28c13a410421893ffa2e32 -> 
  custom:video-decoder-ogg-theora: a1e56fd34408186e4bbccfd4996cb3dc -> 
  custom:container-muxer-webm: aa71ff27fc2769a1b78a27578f13a17b -> 
  custom:container-demuxer-webm: 4f35f7cbe854078d1ac9338744f61a02 -> 
  custom:container-demuxer-ogg: 62fdf1f143b41e24485cea50d1cbac27 -> 
  custom:video-encoder-webm-vp8: eb34c28f22e8b96e1ab97ce403110664 -> 
  custom:video-decoder-webm-vp8: 9c59270c3fd7afecdb556c50c9e8de78 -> 
  custom:audio-decoder-ogg-vorbis: bf7c407c2cedff20999df2af8eb42d56 -> 
  custom:audio-encoder-webm-vorbis: bf7c407c2cedff20999df2af8eb42d56 -> 
========================================================================
Received Prepare
Registering precompiled user dll's ...
Registered in 0.072290 seconds.
Begin MonoManager ReloadAssembly
Native extension for WindowsStandalone target not found
Refreshing native plugins compatible for Editor in 81.36 ms, found 7 plugins.
Preloading 0 native plugins for Editor in 0.00 ms.
Mono: successfully reloaded assembly
- Completed reload, in  1.207 seconds
Domain Reload Profiling:
	ReloadAssembly (1207ms)
		BeginReloadAssembly (148ms)
			ExecutionOrderSort (0ms)
			DisableScriptedObjects (6ms)
			BackupInstance (0ms)
			ReleaseScriptingObjects (0ms)
			CreateAndSetChildDomain (51ms)
		EndReloadAssembly (978ms)
			LoadAssemblies (98ms)
			RebuildTransferFunctionScriptingTraits (0ms)
			SetupTypeCache (306ms)
			ReleaseScriptCaches (1ms)
			RebuildScriptCaches (41ms)
			SetupLoadedEditorAssemblies (309ms)
				LogAssemblyErrors (0ms)
				InitializePlatformSupportModulesInManaged (5ms)
				SetLoadedEditorAssemblies (0ms)
				RefreshPlugins (81ms)
				BeforeProcessingInitializeOnLoad (104ms)
				ProcessInitializeOnLoadAttributes (110ms)
				ProcessInitializeOnLoadMethodAttributes (6ms)
				AfterProcessingInitializeOnLoad (2ms)
				EditorAssembliesLoaded (0ms)
			ExecutionOrderSort2 (0ms)
			AwakeInstancesAfterBackupRestoration (9ms)
Platform modules already initialized, skipping
Switching build target platform(19) subTarget(0) extendedPlatform(0) -> platform(13) subTarget(589824) extendedPlatform(0)
Refreshing native plugins compatible for Editor in 1.01 ms, found 7 plugins.
Preloading 0 native plugins for Editor in 0.00 ms.
Unloading 3686 Unused Serialized files (Serialized files now loaded: 0)
System memory in use before: 149.3 MB.
System memory in use after: 149.6 MB.

Unloading 50 unused Assets to reduce memory usage. Loaded Objects now: 4245.
Total: 3.924900 ms (FindLiveObjects: 0.429300 ms CreateObjectMapping: 0.253000 ms MarkObjects: 3.175000 ms  DeleteObjects: 0.066600 ms)

AssetImportParameters requested are different than current active one (requested -> active):
  custom:framework-win-MediaFoundation: 216162199b28c13a410421893ffa2e32 -> 
  custom:video-decoder-ogg-theora: a1e56fd34408186e4bbccfd4996cb3dc -> 
  custom:container-muxer-webm: aa71ff27fc2769a1b78a27578f13a17b -> 
  custom:container-demuxer-webm: 4f35f7cbe854078d1ac9338744f61a02 -> 
  custom:container-demuxer-ogg: 62fdf1f143b41e24485cea50d1cbac27 -> 
  custom:video-encoder-webm-vp8: eb34c28f22e8b96e1ab97ce403110664 -> 
  custom:video-decoder-webm-vp8: 9c59270c3fd7afecdb556c50c9e8de78 -> 
  custom:graphics/normal-map-encoding: 01000000000000000000000000000000 -> 02000000000000000000000000000000
  custom:audio-decoder-ogg-vorbis: bf7c407c2cedff20999df2af8eb42d56 -> 
  custom:audio-encoder-webm-vorbis: bf7c407c2cedff20999df2af8eb42d56 -> 
AssetImportWorkerClient::OnTransportError - code=2 error=End of file
