Using pre-set license
Built from '2020.3/staging' branch; Version is '2020.3.18f1 (a7d1c678663c) revision 10998214'; Using compiler version '192528614'; Build Type 'Release'
OS: 'Windows 10 Home; OS build 19044.1889; Version 2009; 64bit' Language: 'en' Physical Memory: 16253 MB
BatchMode: 1, IsHumanControllingUs: 0, StartBugReporterOnCrash: 0, Is64bit: 1, IsPro: 0

COMMAND LINE ARGUMENTS:
C:\Program Files\Unity\Hub\Editor\2020.3.18f1\Editor\Unity.exe
-adb2
-batchMode
-noUpm
-name
AssetImportWorker0
-projectPath
C:/Users/bhtwi/Documents/GitHub/350-AR-Project/AR Project
-logFile
Logs/AssetImportWorker0.log
-srvPort
59776
Successfully changed project path to: C:/Users/bhtwi/Documents/GitHub/350-AR-Project/AR Project
C:/Users/bhtwi/Documents/GitHub/350-AR-Project/AR Project
Using Asset Import Pipeline V2.
Refreshing native plugins compatible for Editor in 78.47 ms, found 7 plugins.
Preloading 0 native plugins for Editor in 0.00 ms.
Initialize engine version: 2020.3.18f1 (a7d1c678663c)
[Subsystems] Discovering subsystems at path C:/Program Files/Unity/Hub/Editor/2020.3.18f1/Editor/Data/Resources/UnitySubsystems
[Subsystems] Discovering subsystems at path C:/Users/bhtwi/Documents/GitHub/350-AR-Project/AR Project/Assets
GfxDevice: creating device client; threaded=0
Direct3D:
    Version:  Direct3D 11.0 [level 11.1]
    Renderer: NVIDIA GeForce GTX 1070 (ID=0x1be1)
    Vendor:   
    VRAM:     8081 MB
    Driver:   26.21.14.3630
Initialize mono
Mono path[0] = 'C:/Program Files/Unity/Hub/Editor/2020.3.18f1/Editor/Data/Managed'
Mono path[1] = 'C:/Program Files/Unity/Hub/Editor/2020.3.18f1/Editor/Data/MonoBleedingEdge/lib/mono/unityjit'
Mono config path = 'C:/Program Files/Unity/Hub/Editor/2020.3.18f1/Editor/Data/MonoBleedingEdge/etc'
Using monoOptions --debugger-agent=transport=dt_socket,embedding=1,server=y,suspend=n,address=127.0.0.1:56568
Begin MonoManager ReloadAssembly
Registering precompiled unity dll's ...
Register platform support module: C:/Program Files/Unity/Hub/Editor/2020.3.18f1/Editor/Data/PlaybackEngines/WebGLSupport/UnityEditor.WebGL.Extensions.dll
Register platform support module: C:/Program Files/Unity/Hub/Editor/2020.3.18f1/Editor/Data/PlaybackEngines/WindowsStandaloneSupport/UnityEditor.WindowsStandalone.Extensions.dll
Registered in 0.002730 seconds.
Native extension for WindowsStandalone target not found
Native extension for WebGL target not found
Refreshing native plugins compatible for Editor in 66.92 ms, found 7 plugins.
Preloading 0 native plugins for Editor in 0.00 ms.
Mono: successfully reloaded assembly
- Completed reload, in  2.207 seconds
Domain Reload Profiling:
	ReloadAssembly (2207ms)
		BeginReloadAssembly (59ms)
			ExecutionOrderSort (0ms)
			DisableScriptedObjects (0ms)
			BackupInstance (0ms)
			ReleaseScriptingObjects (0ms)
			CreateAndSetChildDomain (1ms)
		EndReloadAssembly (518ms)
			LoadAssemblies (57ms)
			RebuildTransferFunctionScriptingTraits (0ms)
			SetupTypeCache (198ms)
			ReleaseScriptCaches (0ms)
			RebuildScriptCaches (33ms)
			SetupLoadedEditorAssemblies (204ms)
				LogAssemblyErrors (0ms)
				InitializePlatformSupportModulesInManaged (5ms)
				SetLoadedEditorAssemblies (1ms)
				RefreshPlugins (67ms)
				BeforeProcessingInitializeOnLoad (9ms)
				ProcessInitializeOnLoadAttributes (91ms)
				ProcessInitializeOnLoadMethodAttributes (32ms)
				AfterProcessingInitializeOnLoad (0ms)
				EditorAssembliesLoaded (0ms)
			ExecutionOrderSort2 (0ms)
			AwakeInstancesAfterBackupRestoration (0ms)
Platform modules already initialized, skipping
Registering precompiled user dll's ...
Registered in 0.012672 seconds.
Begin MonoManager ReloadAssembly
Native extension for WindowsStandalone target not found
Native extension for WebGL target not found
Refreshing native plugins compatible for Editor in 86.27 ms, found 7 plugins.
Preloading 0 native plugins for Editor in 0.00 ms.
Mono: successfully reloaded assembly
- Completed reload, in  1.525 seconds
Domain Reload Profiling:
	ReloadAssembly (1526ms)
		BeginReloadAssembly (200ms)
			ExecutionOrderSort (0ms)
			DisableScriptedObjects (4ms)
			BackupInstance (0ms)
			ReleaseScriptingObjects (0ms)
			CreateAndSetChildDomain (41ms)
		EndReloadAssembly (1249ms)
			LoadAssemblies (121ms)
			RebuildTransferFunctionScriptingTraits (0ms)
			SetupTypeCache (382ms)
			ReleaseScriptCaches (1ms)
			RebuildScriptCaches (67ms)
			SetupLoadedEditorAssemblies (532ms)
				LogAssemblyErrors (0ms)
				InitializePlatformSupportModulesInManaged (5ms)
				SetLoadedEditorAssemblies (0ms)
				RefreshPlugins (86ms)
				BeforeProcessingInitializeOnLoad (103ms)
				ProcessInitializeOnLoadAttributes (324ms)
				ProcessInitializeOnLoadMethodAttributes (5ms)
				AfterProcessingInitializeOnLoad (9ms)
				EditorAssembliesLoaded (0ms)
			ExecutionOrderSort2 (0ms)
			AwakeInstancesAfterBackupRestoration (6ms)
Platform modules already initialized, skipping
========================================================================
Worker process is ready to serve import requests
Launched and connected shader compiler UnityShaderCompiler.exe after 0.13 seconds
Refreshing native plugins compatible for Editor in 0.72 ms, found 7 plugins.
Preloading 0 native plugins for Editor in 0.00 ms.
Unloading 3477 Unused Serialized files (Serialized files now loaded: 0)
System memory in use before: 147.4 MB.
System memory in use after: 147.6 MB.

Unloading 38 unused Assets to reduce memory usage. Loaded Objects now: 3918.
Total: 4.467500 ms (FindLiveObjects: 0.315800 ms CreateObjectMapping: 0.161800 ms MarkObjects: 3.863600 ms  DeleteObjects: 0.125500 ms)

AssetImportParameters requested are different than current active one (requested -> active):
  custom:framework-win-MediaFoundation: 216162199b28c13a410421893ffa2e32 -> 
  custom:video-decoder-ogg-theora: a1e56fd34408186e4bbccfd4996cb3dc -> 
  custom:container-muxer-webm: aa71ff27fc2769a1b78a27578f13a17b -> 
  custom:container-demuxer-webm: 4f35f7cbe854078d1ac9338744f61a02 -> 
  custom:container-demuxer-ogg: 62fdf1f143b41e24485cea50d1cbac27 -> 
  custom:video-encoder-webm-vp8: eb34c28f22e8b96e1ab97ce403110664 -> 
  custom:video-codec-MediaFoundation-h265: 746d11721c4dcdbdad8f713fa42b33f4 -> 
  custom:video-decoder-webm-vp8: 9c59270c3fd7afecdb556c50c9e8de78 -> 
  custom:audio-decoder-ogg-vorbis: bf7c407c2cedff20999df2af8eb42d56 -> 
  custom:audio-encoder-webm-vorbis: bf7c407c2cedff20999df2af8eb42d56 -> 
========================================================================
Received Import Request.
  path: Assets/Scenes
  artifactKey: Guid(c32071af6c84f704a94d24c13388642b) Importer(815301076,1909f56bfc062723c751e8b465ee728b)
Start importing Assets/Scenes using Guid(c32071af6c84f704a94d24c13388642b) Importer(815301076,1909f56bfc062723c751e8b465ee728b)  -> (artifact id: 'b6435f55cba695ae7edc762a5cc6887a') in 0.010290 seconds 
  Import took 0.016018 seconds .

========================================================================
Received Import Request.
  Time since last request: 31.147090 seconds.
  path: Assets/Samples
  artifactKey: Guid(cf23e2546acde4847a6768e41dfaebaf) Importer(815301076,1909f56bfc062723c751e8b465ee728b)
Start importing Assets/Samples using Guid(cf23e2546acde4847a6768e41dfaebaf) Importer(815301076,1909f56bfc062723c751e8b465ee728b)  -> (artifact id: '89fb4b62c5b27e7be0e62ae2881c344f') in 0.008596 seconds 
  Import took 0.015737 seconds .

========================================================================
Received Import Request.
  Time since last request: 4.607605 seconds.
  path: Assets/Scenes/Create_with_VR_Starter_Scene.unity
  artifactKey: Guid(afdcb113ffd5a4353ad88f0dd03743af) Importer(815301076,1909f56bfc062723c751e8b465ee728b)
Start importing Assets/Scenes/Create_with_VR_Starter_Scene.unity using Guid(afdcb113ffd5a4353ad88f0dd03743af) Importer(815301076,1909f56bfc062723c751e8b465ee728b)  -> (artifact id: '996bf8c6e352a9539f093fe1b1396cf1') in 0.016487 seconds 
  Import took 0.022172 seconds .

========================================================================
Received Import Request.
  Time since last request: 6.516508 seconds.
  path: Assets/Scenes/SampleScene.unity
  artifactKey: Guid(9fc0d4010bbf28b4594072e72b8655ab) Importer(815301076,1909f56bfc062723c751e8b465ee728b)
Start importing Assets/Scenes/SampleScene.unity using Guid(9fc0d4010bbf28b4594072e72b8655ab) Importer(815301076,1909f56bfc062723c751e8b465ee728b)  -> (artifact id: 'dcc088d1731b590f9572c6f2bab98c6a') in 0.008672 seconds 
  Import took 0.015217 seconds .

========================================================================
Received Prepare
Registering precompiled user dll's ...
Registered in 0.007832 seconds.
Begin MonoManager ReloadAssembly
Native extension for WindowsStandalone target not found
Native extension for WebGL target not found
Refreshing native plugins compatible for Editor in 1.27 ms, found 7 plugins.
Preloading 0 native plugins for Editor in 0.00 ms.
Mono: successfully reloaded assembly
- Completed reload, in  1.271 seconds
Domain Reload Profiling:
	ReloadAssembly (1271ms)
		BeginReloadAssembly (150ms)
			ExecutionOrderSort (0ms)
			DisableScriptedObjects (6ms)
			BackupInstance (0ms)
			ReleaseScriptingObjects (0ms)
			CreateAndSetChildDomain (45ms)
		EndReloadAssembly (1054ms)
			LoadAssemblies (103ms)
			RebuildTransferFunctionScriptingTraits (0ms)
			SetupTypeCache (361ms)
			ReleaseScriptCaches (1ms)
			RebuildScriptCaches (46ms)
			SetupLoadedEditorAssemblies (410ms)
				LogAssemblyErrors (0ms)
				InitializePlatformSupportModulesInManaged (7ms)
				SetLoadedEditorAssemblies (0ms)
				RefreshPlugins (1ms)
				BeforeProcessingInitializeOnLoad (85ms)
				ProcessInitializeOnLoadAttributes (303ms)
				ProcessInitializeOnLoadMethodAttributes (6ms)
				AfterProcessingInitializeOnLoad (7ms)
				EditorAssembliesLoaded (0ms)
			ExecutionOrderSort2 (0ms)
			AwakeInstancesAfterBackupRestoration (8ms)
Platform modules already initialized, skipping
Refreshing native plugins compatible for Editor in 0.90 ms, found 7 plugins.
Preloading 0 native plugins for Editor in 0.00 ms.
Unloading 3410 Unused Serialized files (Serialized files now loaded: 0)
System memory in use before: 141.7 MB.
System memory in use after: 141.9 MB.

Unloading 31 unused Assets to reduce memory usage. Loaded Objects now: 3921.
Total: 5.037100 ms (FindLiveObjects: 0.300600 ms CreateObjectMapping: 0.255400 ms MarkObjects: 4.454500 ms  DeleteObjects: 0.025400 ms)

AssetImportParameters requested are different than current active one (requested -> active):
  custom:framework-win-MediaFoundation: 216162199b28c13a410421893ffa2e32 -> 
  custom:video-decoder-ogg-theora: a1e56fd34408186e4bbccfd4996cb3dc -> 
  custom:container-muxer-webm: aa71ff27fc2769a1b78a27578f13a17b -> 
  custom:container-demuxer-webm: 4f35f7cbe854078d1ac9338744f61a02 -> 
  custom:container-demuxer-ogg: 62fdf1f143b41e24485cea50d1cbac27 -> 
  custom:video-encoder-webm-vp8: eb34c28f22e8b96e1ab97ce403110664 -> 
  custom:video-codec-MediaFoundation-h265: 746d11721c4dcdbdad8f713fa42b33f4 -> 
  custom:video-decoder-webm-vp8: 9c59270c3fd7afecdb556c50c9e8de78 -> 
  custom:audio-decoder-ogg-vorbis: bf7c407c2cedff20999df2af8eb42d56 -> 
  custom:audio-encoder-webm-vorbis: bf7c407c2cedff20999df2af8eb42d56 -> 
========================================================================
Received Import Request.
  Time since last request: 23.712957 seconds.
  path: Assets/Scenes/SampleScene.unity
  artifactKey: Guid(9fc0d4010bbf28b4594072e72b8655ab) Importer(815301076,1909f56bfc062723c751e8b465ee728b)
Start importing Assets/Scenes/SampleScene.unity using Guid(9fc0d4010bbf28b4594072e72b8655ab) Importer(815301076,1909f56bfc062723c751e8b465ee728b)  -> (artifact id: '16596b3cb7c77cc094ec3b13dcd4688a') in 0.020522 seconds 
  Import took 0.027958 seconds .

========================================================================
Received Prepare
Registering precompiled user dll's ...
Registered in 0.007843 seconds.
Begin MonoManager ReloadAssembly
Native extension for WindowsStandalone target not found
Native extension for WebGL target not found
Refreshing native plugins compatible for Editor in 0.73 ms, found 7 plugins.
Preloading 0 native plugins for Editor in 0.00 ms.
Mono: successfully reloaded assembly
- Completed reload, in  1.380 seconds
Domain Reload Profiling:
	ReloadAssembly (1381ms)
		BeginReloadAssembly (150ms)
			ExecutionOrderSort (0ms)
			DisableScriptedObjects (5ms)
			BackupInstance (0ms)
			ReleaseScriptingObjects (0ms)
			CreateAndSetChildDomain (57ms)
		EndReloadAssembly (1155ms)
			LoadAssemblies (115ms)
			RebuildTransferFunctionScriptingTraits (0ms)
			SetupTypeCache (445ms)
			ReleaseScriptCaches (1ms)
			RebuildScriptCaches (50ms)
			SetupLoadedEditorAssemblies (393ms)
				LogAssemblyErrors (0ms)
				InitializePlatformSupportModulesInManaged (6ms)
				SetLoadedEditorAssemblies (0ms)
				RefreshPlugins (1ms)
				BeforeProcessingInitializeOnLoad (84ms)
				ProcessInitializeOnLoadAttributes (287ms)
				ProcessInitializeOnLoadMethodAttributes (7ms)
				AfterProcessingInitializeOnLoad (8ms)
				EditorAssembliesLoaded (0ms)
			ExecutionOrderSort2 (0ms)
			AwakeInstancesAfterBackupRestoration (9ms)
Platform modules already initialized, skipping
Refreshing native plugins compatible for Editor in 0.74 ms, found 7 plugins.
Preloading 0 native plugins for Editor in 0.00 ms.
Unloading 3410 Unused Serialized files (Serialized files now loaded: 0)
System memory in use before: 141.7 MB.
System memory in use after: 142.0 MB.

Unloading 31 unused Assets to reduce memory usage. Loaded Objects now: 3924.
Total: 4.861900 ms (FindLiveObjects: 0.298100 ms CreateObjectMapping: 0.140700 ms MarkObjects: 4.380300 ms  DeleteObjects: 0.041500 ms)

AssetImportParameters requested are different than current active one (requested -> active):
  custom:framework-win-MediaFoundation: 216162199b28c13a410421893ffa2e32 -> 
  custom:video-decoder-ogg-theora: a1e56fd34408186e4bbccfd4996cb3dc -> 
  custom:container-muxer-webm: aa71ff27fc2769a1b78a27578f13a17b -> 
  custom:container-demuxer-webm: 4f35f7cbe854078d1ac9338744f61a02 -> 
  custom:container-demuxer-ogg: 62fdf1f143b41e24485cea50d1cbac27 -> 
  custom:video-encoder-webm-vp8: eb34c28f22e8b96e1ab97ce403110664 -> 
  custom:video-codec-MediaFoundation-h265: 746d11721c4dcdbdad8f713fa42b33f4 -> 
  custom:video-decoder-webm-vp8: 9c59270c3fd7afecdb556c50c9e8de78 -> 
  custom:audio-decoder-ogg-vorbis: bf7c407c2cedff20999df2af8eb42d56 -> 
  custom:audio-encoder-webm-vorbis: bf7c407c2cedff20999df2af8eb42d56 -> 
========================================================================
Received Prepare
Registering precompiled user dll's ...
Registered in 0.008741 seconds.
Begin MonoManager ReloadAssembly
Native extension for WindowsStandalone target not found
Native extension for WebGL target not found
Refreshing native plugins compatible for Editor in 1.30 ms, found 7 plugins.
Preloading 0 native plugins for Editor in 0.00 ms.
Mono: successfully reloaded assembly
- Completed reload, in  1.311 seconds
Domain Reload Profiling:
	ReloadAssembly (1311ms)
		BeginReloadAssembly (132ms)
			ExecutionOrderSort (0ms)
			DisableScriptedObjects (4ms)
			BackupInstance (0ms)
			ReleaseScriptingObjects (0ms)
			CreateAndSetChildDomain (41ms)
		EndReloadAssembly (1100ms)
			LoadAssemblies (110ms)
			RebuildTransferFunctionScriptingTraits (0ms)
			SetupTypeCache (394ms)
			ReleaseScriptCaches (1ms)
			RebuildScriptCaches (47ms)
			SetupLoadedEditorAssemblies (411ms)
				LogAssemblyErrors (0ms)
				InitializePlatformSupportModulesInManaged (11ms)
				SetLoadedEditorAssemblies (1ms)
				RefreshPlugins (1ms)
				BeforeProcessingInitializeOnLoad (105ms)
				ProcessInitializeOnLoadAttributes (279ms)
				ProcessInitializeOnLoadMethodAttributes (6ms)
				AfterProcessingInitializeOnLoad (7ms)
				EditorAssembliesLoaded (0ms)
			ExecutionOrderSort2 (0ms)
			AwakeInstancesAfterBackupRestoration (9ms)
Platform modules already initialized, skipping
Refreshing native plugins compatible for Editor in 0.76 ms, found 7 plugins.
Preloading 0 native plugins for Editor in 0.00 ms.
Unloading 3623 Unused Serialized files (Serialized files now loaded: 0)
System memory in use before: 147.8 MB.
System memory in use after: 148.1 MB.

Unloading 31 unused Assets to reduce memory usage. Loaded Objects now: 4140.
Total: 4.268300 ms (FindLiveObjects: 0.330000 ms CreateObjectMapping: 0.205000 ms MarkObjects: 3.675100 ms  DeleteObjects: 0.057500 ms)

AssetImportParameters requested are different than current active one (requested -> active):
  custom:framework-win-MediaFoundation: 216162199b28c13a410421893ffa2e32 -> 
  custom:video-decoder-ogg-theora: a1e56fd34408186e4bbccfd4996cb3dc -> 
  custom:container-muxer-webm: aa71ff27fc2769a1b78a27578f13a17b -> 
  custom:container-demuxer-webm: 4f35f7cbe854078d1ac9338744f61a02 -> 
  custom:container-demuxer-ogg: 62fdf1f143b41e24485cea50d1cbac27 -> 
  custom:video-encoder-webm-vp8: eb34c28f22e8b96e1ab97ce403110664 -> 
  custom:video-codec-MediaFoundation-h265: 746d11721c4dcdbdad8f713fa42b33f4 -> 
  custom:video-decoder-webm-vp8: 9c59270c3fd7afecdb556c50c9e8de78 -> 
  custom:audio-decoder-ogg-vorbis: bf7c407c2cedff20999df2af8eb42d56 -> 
  custom:audio-encoder-webm-vorbis: bf7c407c2cedff20999df2af8eb42d56 -> 
========================================================================
Received Import Request.
  Time since last request: 477.091527 seconds.
  path: Assets
  artifactKey: Guid(00000000000000001000000000000000) Importer(815301076,1909f56bfc062723c751e8b465ee728b)
Start importing Assets using Guid(00000000000000001000000000000000) Importer(815301076,1909f56bfc062723c751e8b465ee728b)  -> (artifact id: '42d402b061de3733987d63b9cc3b64de') in 0.015476 seconds 
  Import took 0.023726 seconds .

========================================================================
Received Import Request.
  Time since last request: 2.631976 seconds.
  path: Assets/XR
  artifactKey: Guid(77fad0757dfa029429ee893c5e61492f) Importer(815301076,1909f56bfc062723c751e8b465ee728b)
Start importing Assets/XR using Guid(77fad0757dfa029429ee893c5e61492f) Importer(815301076,1909f56bfc062723c751e8b465ee728b)  -> (artifact id: 'ed380058654a9f3a9dc3f4a66ef6bb70') in 0.008140 seconds 
  Import took 0.015137 seconds .

========================================================================
Received Import Request.
  Time since last request: 0.000839 seconds.
  path: Assets/XR
  artifactKey: Guid(77fad0757dfa029429ee893c5e61492f) Importer(815301076,1909f56bfc062723c751e8b465ee728b)
Start importing Assets/XR using Guid(77fad0757dfa029429ee893c5e61492f) Importer(815301076,1909f56bfc062723c751e8b465ee728b)  -> (artifact id: 'ed380058654a9f3a9dc3f4a66ef6bb70') in 0.003985 seconds 
  Import took 0.010632 seconds .

========================================================================
Received Import Request.
  Time since last request: 6.580835 seconds.
  path: Assets/XR/AR
  artifactKey: Guid(b300f71c971cce047a0e2a773d15b5b8) Importer(815301076,1909f56bfc062723c751e8b465ee728b)
Start importing Assets/XR/AR using Guid(b300f71c971cce047a0e2a773d15b5b8) Importer(815301076,1909f56bfc062723c751e8b465ee728b)  -> (artifact id: '9f2f93172b72e98281c8856c59e77669') in 0.008419 seconds 
  Import took 0.014911 seconds .

========================================================================
Received Import Request.
  Time since last request: 20.893501 seconds.
  path: Assets/XR/AR/FeatheredPlane
  artifactKey: Guid(1dc534f3d10563247a472b7dc7133337) Importer(815301076,1909f56bfc062723c751e8b465ee728b)
Start importing Assets/XR/AR/FeatheredPlane using Guid(1dc534f3d10563247a472b7dc7133337) Importer(815301076,1909f56bfc062723c751e8b465ee728b)  -> (artifact id: '2967d7ea92a418c849d5796e8b7385c6') in 0.008172 seconds 
  Import took 0.014335 seconds .

========================================================================
Received Import Request.
  Time since last request: 22.359478 seconds.
  path: Assets/XR/AR/FeatheredPlane/NewUnlitShader.shader
  artifactKey: Guid(b36915eb1f95b7d4088b06a5ba4e1f38) Importer(815301076,1909f56bfc062723c751e8b465ee728b)
Start importing Assets/XR/AR/FeatheredPlane/NewUnlitShader.shader using Guid(b36915eb1f95b7d4088b06a5ba4e1f38) Importer(815301076,1909f56bfc062723c751e8b465ee728b)  -> (artifact id: 'ce536f3d9643461bb5cef5ddccf0b8f8') in 0.059662 seconds 
  Import took 0.065920 seconds .

========================================================================
Received Import Request.
  Time since last request: 41.395141 seconds.
  path: Assets/XR/AR/FeatheredPlane/FeatheredPlaneShader.shader
  artifactKey: Guid(452652551c15d984d9d3bff54fb6ece9) Importer(815301076,1909f56bfc062723c751e8b465ee728b)
Start importing Assets/XR/AR/FeatheredPlane/FeatheredPlaneShader.shader using Guid(452652551c15d984d9d3bff54fb6ece9) Importer(815301076,1909f56bfc062723c751e8b465ee728b)  -> (artifact id: '3ca0dfe34bbd7f4ff3ed3df705608dfe') in 0.009988 seconds 
  Import took 0.017578 seconds .

========================================================================
Received Import Request.
  Time since last request: 679.949306 seconds.
  path: Assets/XR/AR/FeatheredPlane/FeatheredPlaneShader.shader
  artifactKey: Guid(452652551c15d984d9d3bff54fb6ece9) Importer(815301076,1909f56bfc062723c751e8b465ee728b)
Start importing Assets/XR/AR/FeatheredPlane/FeatheredPlaneShader.shader using Guid(452652551c15d984d9d3bff54fb6ece9) Importer(815301076,1909f56bfc062723c751e8b465ee728b)  -> (artifact id: '145957e1cca89684ca518c7e5de186d5') in 0.005432 seconds 
  Import took 0.015225 seconds .

========================================================================
Received Import Request.
  Time since last request: 54.167517 seconds.
  path: Assets/XR/AR/FeatheredPlane/FeatheredPlaneShader.shader
  artifactKey: Guid(452652551c15d984d9d3bff54fb6ece9) Importer(815301076,1909f56bfc062723c751e8b465ee728b)
Start importing Assets/XR/AR/FeatheredPlane/FeatheredPlaneShader.shader using Guid(452652551c15d984d9d3bff54fb6ece9) Importer(815301076,1909f56bfc062723c751e8b465ee728b)  -> (artifact id: '12b1981f66920d3a346fff820614b46a') in 0.006152 seconds 
  Import took 0.015969 seconds .

========================================================================
Received Import Request.
  Time since last request: 23.119337 seconds.
  path: Assets/XR/AR/FeatheredPlane/FeatheredPlaneShader.shader
  artifactKey: Guid(452652551c15d984d9d3bff54fb6ece9) Importer(815301076,1909f56bfc062723c751e8b465ee728b)
Start importing Assets/XR/AR/FeatheredPlane/FeatheredPlaneShader.shader using Guid(452652551c15d984d9d3bff54fb6ece9) Importer(815301076,1909f56bfc062723c751e8b465ee728b)  -> (artifact id: '177346c06782e7ac3692248448250f3a') in 0.005252 seconds 
  Import took 0.012446 seconds .

========================================================================
Received Prepare
Registering precompiled user dll's ...
Registered in 0.008108 seconds.
Begin MonoManager ReloadAssembly
Native extension for WindowsStandalone target not found
Native extension for WebGL target not found
Refreshing native plugins compatible for Editor in 0.76 ms, found 7 plugins.
Preloading 0 native plugins for Editor in 0.00 ms.
Mono: successfully reloaded assembly
- Completed reload, in  1.392 seconds
Domain Reload Profiling:
	ReloadAssembly (1392ms)
		BeginReloadAssembly (146ms)
			ExecutionOrderSort (0ms)
			DisableScriptedObjects (5ms)
			BackupInstance (0ms)
			ReleaseScriptingObjects (0ms)
			CreateAndSetChildDomain (59ms)
		EndReloadAssembly (1178ms)
			LoadAssemblies (110ms)
			RebuildTransferFunctionScriptingTraits (0ms)
			SetupTypeCache (410ms)
			ReleaseScriptCaches (1ms)
			RebuildScriptCaches (51ms)
			SetupLoadedEditorAssemblies (417ms)
				LogAssemblyErrors (0ms)
				InitializePlatformSupportModulesInManaged (5ms)
				SetLoadedEditorAssemblies (0ms)
				RefreshPlugins (1ms)
				BeforeProcessingInitializeOnLoad (93ms)
				ProcessInitializeOnLoadAttributes (303ms)
				ProcessInitializeOnLoadMethodAttributes (5ms)
				AfterProcessingInitializeOnLoad (9ms)
				EditorAssembliesLoaded (0ms)
			ExecutionOrderSort2 (0ms)
			AwakeInstancesAfterBackupRestoration (10ms)
Platform modules already initialized, skipping
Refreshing native plugins compatible for Editor in 0.76 ms, found 7 plugins.
Preloading 0 native plugins for Editor in 0.00 ms.
Unloading 3624 Unused Serialized files (Serialized files now loaded: 0)
System memory in use before: 148.1 MB.
System memory in use after: 148.3 MB.

Unloading 32 unused Assets to reduce memory usage. Loaded Objects now: 4143.
Total: 5.019000 ms (FindLiveObjects: 0.311100 ms CreateObjectMapping: 0.187500 ms MarkObjects: 4.390700 ms  DeleteObjects: 0.128600 ms)

AssetImportParameters requested are different than current active one (requested -> active):
  custom:framework-win-MediaFoundation: 216162199b28c13a410421893ffa2e32 -> 
  custom:video-decoder-ogg-theora: a1e56fd34408186e4bbccfd4996cb3dc -> 
  custom:container-muxer-webm: aa71ff27fc2769a1b78a27578f13a17b -> 
  custom:container-demuxer-webm: 4f35f7cbe854078d1ac9338744f61a02 -> 
  custom:container-demuxer-ogg: 62fdf1f143b41e24485cea50d1cbac27 -> 
  custom:video-encoder-webm-vp8: eb34c28f22e8b96e1ab97ce403110664 -> 
  custom:video-codec-MediaFoundation-h265: 746d11721c4dcdbdad8f713fa42b33f4 -> 
  custom:video-decoder-webm-vp8: 9c59270c3fd7afecdb556c50c9e8de78 -> 
  custom:audio-decoder-ogg-vorbis: bf7c407c2cedff20999df2af8eb42d56 -> 
  custom:audio-encoder-webm-vorbis: bf7c407c2cedff20999df2af8eb42d56 -> 
========================================================================
Received Import Request.
  Time since last request: 37.492246 seconds.
  path: Assets/XR/AR/FeatheredPlane/FeatheredPlaneMaterial.mat
  artifactKey: Guid(293a30130fcd05c4f959483d7bdadc3f) Importer(815301076,1909f56bfc062723c751e8b465ee728b)
Start importing Assets/XR/AR/FeatheredPlane/FeatheredPlaneMaterial.mat using Guid(293a30130fcd05c4f959483d7bdadc3f) Importer(815301076,1909f56bfc062723c751e8b465ee728b)  -> (artifact id: 'dcc8767eff8c1976717aef0432898af0') in 0.106843 seconds 
  Import took 0.113716 seconds .

========================================================================
Received Import Request.
  Time since last request: 14.844819 seconds.
  path: Assets/XR/AR/FeatheredPlane/NewBehaviourScript.cs
  artifactKey: Guid(c74c0d71f7cfd9c4088c3c3313825e61) Importer(815301076,1909f56bfc062723c751e8b465ee728b)
Start importing Assets/XR/AR/FeatheredPlane/NewBehaviourScript.cs using Guid(c74c0d71f7cfd9c4088c3c3313825e61) Importer(815301076,1909f56bfc062723c751e8b465ee728b)  -> (artifact id: 'a5a1b0eafd60714c7f5494c17f5d6177') in 0.021909 seconds 
  Import took 0.029259 seconds .

========================================================================
Received Import Request.
  Time since last request: 0.001093 seconds.
  path: Assets/XR/AR/FeatheredPlane/NewBehaviourScript.cs
  artifactKey: Guid(c74c0d71f7cfd9c4088c3c3313825e61) Importer(815301076,1909f56bfc062723c751e8b465ee728b)
Start importing Assets/XR/AR/FeatheredPlane/NewBehaviourScript.cs using Guid(c74c0d71f7cfd9c4088c3c3313825e61) Importer(815301076,1909f56bfc062723c751e8b465ee728b)  -> (artifact id: 'a5a1b0eafd60714c7f5494c17f5d6177') in 0.003276 seconds 
  Import took 0.010901 seconds .

========================================================================
Received Prepare
Registering precompiled user dll's ...
Registered in 0.008631 seconds.
Begin MonoManager ReloadAssembly
Native extension for WindowsStandalone target not found
Native extension for WebGL target not found
Refreshing native plugins compatible for Editor in 0.98 ms, found 7 plugins.
Preloading 0 native plugins for Editor in 0.00 ms.
Mono: successfully reloaded assembly
- Completed reload, in  1.324 seconds
Domain Reload Profiling:
	ReloadAssembly (1324ms)
		BeginReloadAssembly (137ms)
			ExecutionOrderSort (0ms)
			DisableScriptedObjects (4ms)
			BackupInstance (0ms)
			ReleaseScriptingObjects (0ms)
			CreateAndSetChildDomain (43ms)
		EndReloadAssembly (1115ms)
			LoadAssemblies (122ms)
			RebuildTransferFunctionScriptingTraits (0ms)
			SetupTypeCache (392ms)
			ReleaseScriptCaches (1ms)
			RebuildScriptCaches (56ms)
			SetupLoadedEditorAssemblies (402ms)
				LogAssemblyErrors (0ms)
				InitializePlatformSupportModulesInManaged (6ms)
				SetLoadedEditorAssemblies (0ms)
				RefreshPlugins (1ms)
				BeforeProcessingInitializeOnLoad (90ms)
				ProcessInitializeOnLoadAttributes (292ms)
				ProcessInitializeOnLoadMethodAttributes (5ms)
				AfterProcessingInitializeOnLoad (7ms)
				EditorAssembliesLoaded (0ms)
			ExecutionOrderSort2 (0ms)
			AwakeInstancesAfterBackupRestoration (8ms)
Platform modules already initialized, skipping
Refreshing native plugins compatible for Editor in 0.80 ms, found 7 plugins.
Preloading 0 native plugins for Editor in 0.00 ms.
Unloading 3624 Unused Serialized files (Serialized files now loaded: 0)
System memory in use before: 151.4 MB.
System memory in use after: 151.6 MB.

Unloading 32 unused Assets to reduce memory usage. Loaded Objects now: 4186.
Total: 4.009200 ms (FindLiveObjects: 0.311500 ms CreateObjectMapping: 0.132200 ms MarkObjects: 3.416800 ms  DeleteObjects: 0.147900 ms)

AssetImportParameters requested are different than current active one (requested -> active):
  custom:framework-win-MediaFoundation: 216162199b28c13a410421893ffa2e32 -> 
  custom:video-decoder-ogg-theora: a1e56fd34408186e4bbccfd4996cb3dc -> 
  custom:container-muxer-webm: aa71ff27fc2769a1b78a27578f13a17b -> 
  custom:container-demuxer-webm: 4f35f7cbe854078d1ac9338744f61a02 -> 
  custom:container-demuxer-ogg: 62fdf1f143b41e24485cea50d1cbac27 -> 
  custom:video-encoder-webm-vp8: eb34c28f22e8b96e1ab97ce403110664 -> 
  custom:video-codec-MediaFoundation-h265: 746d11721c4dcdbdad8f713fa42b33f4 -> 
  custom:video-decoder-webm-vp8: 9c59270c3fd7afecdb556c50c9e8de78 -> 
  custom:audio-decoder-ogg-vorbis: bf7c407c2cedff20999df2af8eb42d56 -> 
  custom:audio-encoder-webm-vorbis: bf7c407c2cedff20999df2af8eb42d56 -> 
========================================================================
Received Import Request.
  Time since last request: 32.624087 seconds.
  path: Assets/XR/AR/FeatheredPlane/ARFeatheredPlaneMeshVisualizer.cs
  artifactKey: Guid(cd010a3ddd66ab34db4a5c6bac07a089) Importer(815301076,1909f56bfc062723c751e8b465ee728b)
Start importing Assets/XR/AR/FeatheredPlane/ARFeatheredPlaneMeshVisualizer.cs using Guid(cd010a3ddd66ab34db4a5c6bac07a089) Importer(815301076,1909f56bfc062723c751e8b465ee728b)  -> (artifact id: 'ecc7faac62aa32b65fc169b40f1c3ff8') in 0.013065 seconds 
  Import took 0.019492 seconds .

========================================================================
Received Prepare
Registering precompiled user dll's ...
Registered in 0.009114 seconds.
Begin MonoManager ReloadAssembly
Native extension for WindowsStandalone target not found
Native extension for WebGL target not found
Refreshing native plugins compatible for Editor in 1.18 ms, found 7 plugins.
Preloading 0 native plugins for Editor in 0.00 ms.
Mono: successfully reloaded assembly
- Completed reload, in  1.313 seconds
Domain Reload Profiling:
	ReloadAssembly (1313ms)
		BeginReloadAssembly (129ms)
			ExecutionOrderSort (0ms)
			DisableScriptedObjects (4ms)
			BackupInstance (0ms)
			ReleaseScriptingObjects (0ms)
			CreateAndSetChildDomain (41ms)
		EndReloadAssembly (1110ms)
			LoadAssemblies (110ms)
			RebuildTransferFunctionScriptingTraits (0ms)
			SetupTypeCache (366ms)
			ReleaseScriptCaches (1ms)
			RebuildScriptCaches (50ms)
			SetupLoadedEditorAssemblies (447ms)
				LogAssemblyErrors (0ms)
				InitializePlatformSupportModulesInManaged (5ms)
				SetLoadedEditorAssemblies (1ms)
				RefreshPlugins (1ms)
				BeforeProcessingInitializeOnLoad (94ms)
				ProcessInitializeOnLoadAttributes (333ms)
				ProcessInitializeOnLoadMethodAttributes (5ms)
				AfterProcessingInitializeOnLoad (8ms)
				EditorAssembliesLoaded (0ms)
			ExecutionOrderSort2 (0ms)
			AwakeInstancesAfterBackupRestoration (8ms)
Platform modules already initialized, skipping
Refreshing native plugins compatible for Editor in 0.77 ms, found 7 plugins.
Preloading 0 native plugins for Editor in 0.00 ms.
Unloading 3625 Unused Serialized files (Serialized files now loaded: 0)
System memory in use before: 151.4 MB.
System memory in use after: 151.7 MB.

Unloading 32 unused Assets to reduce memory usage. Loaded Objects now: 4190.
Total: 4.439900 ms (FindLiveObjects: 0.349800 ms CreateObjectMapping: 0.142800 ms MarkObjects: 3.829100 ms  DeleteObjects: 0.117300 ms)

AssetImportParameters requested are different than current active one (requested -> active):
  custom:framework-win-MediaFoundation: 216162199b28c13a410421893ffa2e32 -> 
  custom:video-decoder-ogg-theora: a1e56fd34408186e4bbccfd4996cb3dc -> 
  custom:container-muxer-webm: aa71ff27fc2769a1b78a27578f13a17b -> 
  custom:container-demuxer-webm: 4f35f7cbe854078d1ac9338744f61a02 -> 
  custom:container-demuxer-ogg: 62fdf1f143b41e24485cea50d1cbac27 -> 
  custom:video-encoder-webm-vp8: eb34c28f22e8b96e1ab97ce403110664 -> 
  custom:video-codec-MediaFoundation-h265: 746d11721c4dcdbdad8f713fa42b33f4 -> 
  custom:video-decoder-webm-vp8: 9c59270c3fd7afecdb556c50c9e8de78 -> 
  custom:audio-decoder-ogg-vorbis: bf7c407c2cedff20999df2af8eb42d56 -> 
  custom:audio-encoder-webm-vorbis: bf7c407c2cedff20999df2af8eb42d56 -> 
========================================================================
Received Prepare
Registering precompiled user dll's ...
Registered in 0.010593 seconds.
Begin MonoManager ReloadAssembly
Native extension for WindowsStandalone target not found
Native extension for WebGL target not found
Refreshing native plugins compatible for Editor in 0.77 ms, found 7 plugins.
Preloading 0 native plugins for Editor in 0.00 ms.
Mono: successfully reloaded assembly
- Completed reload, in  1.315 seconds
Domain Reload Profiling:
	ReloadAssembly (1316ms)
		BeginReloadAssembly (133ms)
			ExecutionOrderSort (0ms)
			DisableScriptedObjects (4ms)
			BackupInstance (0ms)
			ReleaseScriptingObjects (0ms)
			CreateAndSetChildDomain (40ms)
		EndReloadAssembly (1110ms)
			LoadAssemblies (113ms)
			RebuildTransferFunctionScriptingTraits (0ms)
			SetupTypeCache (414ms)
			ReleaseScriptCaches (1ms)
			RebuildScriptCaches (54ms)
			SetupLoadedEditorAssemblies (379ms)
				LogAssemblyErrors (0ms)
				InitializePlatformSupportModulesInManaged (5ms)
				SetLoadedEditorAssemblies (0ms)
				RefreshPlugins (1ms)
				BeforeProcessingInitializeOnLoad (96ms)
				ProcessInitializeOnLoadAttributes (264ms)
				ProcessInitializeOnLoadMethodAttributes (5ms)
				AfterProcessingInitializeOnLoad (7ms)
				EditorAssembliesLoaded (0ms)
			ExecutionOrderSort2 (0ms)
			AwakeInstancesAfterBackupRestoration (9ms)
Platform modules already initialized, skipping
Refreshing native plugins compatible for Editor in 0.78 ms, found 7 plugins.
Preloading 0 native plugins for Editor in 0.00 ms.
Unloading 3625 Unused Serialized files (Serialized files now loaded: 0)
System memory in use before: 151.4 MB.
System memory in use after: 151.7 MB.

Unloading 32 unused Assets to reduce memory usage. Loaded Objects now: 4193.
Total: 5.457400 ms (FindLiveObjects: 0.521800 ms CreateObjectMapping: 0.342400 ms MarkObjects: 4.508000 ms  DeleteObjects: 0.084300 ms)

AssetImportParameters requested are different than current active one (requested -> active):
  custom:framework-win-MediaFoundation: 216162199b28c13a410421893ffa2e32 -> 
  custom:video-decoder-ogg-theora: a1e56fd34408186e4bbccfd4996cb3dc -> 
  custom:container-muxer-webm: aa71ff27fc2769a1b78a27578f13a17b -> 
  custom:container-demuxer-webm: 4f35f7cbe854078d1ac9338744f61a02 -> 
  custom:container-demuxer-ogg: 62fdf1f143b41e24485cea50d1cbac27 -> 
  custom:video-encoder-webm-vp8: eb34c28f22e8b96e1ab97ce403110664 -> 
  custom:video-codec-MediaFoundation-h265: 746d11721c4dcdbdad8f713fa42b33f4 -> 
  custom:video-decoder-webm-vp8: 9c59270c3fd7afecdb556c50c9e8de78 -> 
  custom:audio-decoder-ogg-vorbis: bf7c407c2cedff20999df2af8eb42d56 -> 
  custom:audio-encoder-webm-vorbis: bf7c407c2cedff20999df2af8eb42d56 -> 
========================================================================
Received Import Request.
  Time since last request: 47.558222 seconds.
  path: Assets/XR/AR/FeatheredPlane/FeatheredPlane.prefab
  artifactKey: Guid(e499283d24d00e84db7eccb829ba8cec) Importer(815301076,1909f56bfc062723c751e8b465ee728b)
Start importing Assets/XR/AR/FeatheredPlane/FeatheredPlane.prefab using Guid(e499283d24d00e84db7eccb829ba8cec) Importer(815301076,1909f56bfc062723c751e8b465ee728b)  -> (artifact id: '663aaf36e99a865b224495f7252ef939') in 0.044788 seconds 
  Import took 0.051348 seconds .

========================================================================
Received Import Request.
  Time since last request: 0.022777 seconds.
  path: Assets/XR/AR/FeatheredPlane/FeatheredPlane.prefab
  artifactKey: Guid(e499283d24d00e84db7eccb829ba8cec) Importer(815301076,1909f56bfc062723c751e8b465ee728b)
Start importing Assets/XR/AR/FeatheredPlane/FeatheredPlane.prefab using Guid(e499283d24d00e84db7eccb829ba8cec) Importer(815301076,1909f56bfc062723c751e8b465ee728b)  -> (artifact id: '663aaf36e99a865b224495f7252ef939') in 0.006748 seconds 
  Import took 0.014325 seconds .

========================================================================
Received Import Request.
  Time since last request: 2.303991 seconds.
  path: Assets/XR/AR/FeatheredPlane/FeatheredPlane.prefab
  artifactKey: Guid(e499283d24d00e84db7eccb829ba8cec) Importer(815301076,1909f56bfc062723c751e8b465ee728b)
Start importing Assets/XR/AR/FeatheredPlane/FeatheredPlane.prefab using Guid(e499283d24d00e84db7eccb829ba8cec) Importer(815301076,1909f56bfc062723c751e8b465ee728b)  -> (artifact id: '2b56d2adf1540c816f0bd1426e05c752') in 0.008639 seconds 
  Import took 0.015182 seconds .

========================================================================
Received Import Request.
  Time since last request: 0.017570 seconds.
  path: Assets/XR/AR/FeatheredPlane/FeatheredPlane.prefab
  artifactKey: Guid(e499283d24d00e84db7eccb829ba8cec) Importer(815301076,1909f56bfc062723c751e8b465ee728b)
Start importing Assets/XR/AR/FeatheredPlane/FeatheredPlane.prefab using Guid(e499283d24d00e84db7eccb829ba8cec) Importer(815301076,1909f56bfc062723c751e8b465ee728b)  -> (artifact id: '2b56d2adf1540c816f0bd1426e05c752') in 0.007479 seconds 
  Import took 0.013353 seconds .

========================================================================
Received Import Request.
  Time since last request: 1.013947 seconds.
  path: Assets/XR/AR/FeatheredPlane/FeatheredPlane.prefab
  artifactKey: Guid(e499283d24d00e84db7eccb829ba8cec) Importer(815301076,1909f56bfc062723c751e8b465ee728b)
Start importing Assets/XR/AR/FeatheredPlane/FeatheredPlane.prefab using Guid(e499283d24d00e84db7eccb829ba8cec) Importer(815301076,1909f56bfc062723c751e8b465ee728b)  -> (artifact id: '0f5cc5b8242ad4b405cd3d5c09f02f99') in 0.007908 seconds 
  Import took 0.014112 seconds .

========================================================================
Received Import Request.
  Time since last request: 0.026934 seconds.
  path: Assets/XR/AR/FeatheredPlane/FeatheredPlane.prefab
  artifactKey: Guid(e499283d24d00e84db7eccb829ba8cec) Importer(815301076,1909f56bfc062723c751e8b465ee728b)
Start importing Assets/XR/AR/FeatheredPlane/FeatheredPlane.prefab using Guid(e499283d24d00e84db7eccb829ba8cec) Importer(815301076,1909f56bfc062723c751e8b465ee728b)  -> (artifact id: '0f5cc5b8242ad4b405cd3d5c09f02f99') in 0.006945 seconds 
  Import took 0.013824 seconds .

========================================================================
Received Import Request.
  Time since last request: 22.762098 seconds.
  path: Assets/XR/AR/FeatheredPlane/FeatheredPlaneMaterial.mat
  artifactKey: Guid(293a30130fcd05c4f959483d7bdadc3f) Importer(815301076,1909f56bfc062723c751e8b465ee728b)
Start importing Assets/XR/AR/FeatheredPlane/FeatheredPlaneMaterial.mat using Guid(293a30130fcd05c4f959483d7bdadc3f) Importer(815301076,1909f56bfc062723c751e8b465ee728b)  -> (artifact id: '85e328bd4478f8d930139e9ce1552e94') in 0.049675 seconds 
  Import took 0.057067 seconds .

AssetImportWorkerClient::OnTransportError - code=2 error=End of file
